-- The C compiler identification is GNU 11.2.1
-- The CXX compiler identification is GNU 11.2.1
-- Detecting C compiler ABI info
-- Detecting C compiler ABI info - done
-- Check for working C compiler: /opt/rh/gcc-toolset-11/root/usr/bin/gcc - skipped
-- Detecting C compile features
-- Detecting C compile features - done
-- Detecting CXX compiler ABI info
-- Detecting CXX compiler ABI info - done
-- Check for working CXX compiler: /opt/rh/gcc-toolset-11/root/usr/bin/g++ - skipped
-- Detecting CXX compile features
-- Detecting CXX compile features - done
-- Found Boost: /usr/local/boost-1.78.0/lib/cmake/Boost-1.78.0/BoostConfig.cmake (found suitable version "1.78.0", minimum required is "1.78") found components: system filesystem json 
-- Found Boost INCLUDE: /usr/local/boost-1.78.0/include
-- Found Boost LIBS: Boost::system;Boost::filesystem;Boost::json
-- Found GTest: /usr/lib64/libgtest.so  
-- Found GTest INCLUDE: /usr/include
-- Found GTest LIBS: /usr/lib64/libgtest.so;/usr/lib64/libgtest_main.so
-- All Libraries found: /usr/local/helics/lib64/libhelicscpp.so;/usr/local/GridPACK/lib/libgridpack_timer.a;/usr/local/GridPACK/lib/libgridpack_environment.a;/usr/local/GridPACK/lib/libgridpack_powerflow_module.a;/usr/local/GridPACK/lib/libgridpack_dynamic_simulation_full_y_module.a;/usr/local/GridPACK/lib/libgridpack_parallel.a;/usr/local/GridPACK/lib/libgridpack_partition.a;/usr/local/GridPACK/lib/libgridpack_pfmatrix_components.a;/usr/local/GridPACK/lib/libgridpack_ymatrix_components.a;/usr/local/GridPACK/lib/libgridpack_components.a;/usr/local/GridPACK/lib/libgridpack_stream.a;/usr/local/GridPACK/lib/libgridpack_block_parsers.a;/usr/local/GridPACK/lib/libgridpack_math.a;/usr/local/GridPACK/lib/libgridpack_configuration.a;/usr/local/ga-5.8/lib/libga++.a;/usr/local/ga-5.8/lib/libga.a;/usr/local/ga-5.8/lib/libarmci.a;/usr/local/boost-1.78.0/lib/libboost_mpi.a;/usr/local/boost-1.78.0/lib/libboost_serialization.a;/usr/local/boost-1.78.0/lib/libboost_random.a;/usr/local/petsc-3.16.4/lib/libparmetis.so;/usr/local/petsc-3.16.4/lib/libpetsc.so;/usr/lib64/openmpi/lib/libmpi_cxx.so;/usr/lib64/openmpi/lib/libmpi.so
-- Configuring done (3.3s)
-- Generating done (0.7s)
-- Build files have been written to: /beegfs/users/lwilliamson/repos/uncc_root/uncc-corvid/corvid/scalability/build
[ 12%] Building CXX object gridpack/IEEE-118/CMakeFiles/powerflow_ex.x.dir/powerflow_ex.cpp.o
[ 37%] Building CXX object orchestrator/CMakeFiles/orchestrator.dir/orchestrator.cpp.o
[ 37%] Building CXX object gridpack/IEEE-118/CMakeFiles/powerflow_ex.x.dir/pf_app.cpp.o
[ 50%] Building CXX object gridpack/IEEE-118/CMakeFiles/powerflow_ex.x.dir/pf_factory.cpp.o
In file included from /usr/local/helics/include/helics/application_api/../core/core-data.hpp:9,
                 from /usr/local/helics/include/helics/application_api/ValueFederate.hpp:9,
                 from /beegfs/users/lwilliamson/repos/uncc_root/uncc-corvid/corvid/scalability/gridpack/IEEE-118/powerflow_ex.cpp:6:
/usr/local/helics/include/helics/application_api/../core/SmallBuffer.hpp:307:68: warning: multi-character character constant [-Wmultichar]
  307 |         static constexpr size_t bigSize{sizeof(size_t) == 8 ? 0x010'0000'0000U : 0xFFFF'0000U};
      |                                                                    ^~~~~~
/usr/local/helics/include/helics/application_api/../core/SmallBuffer.hpp:307:88: warning: missing terminating ' character
  307 |         static constexpr size_t bigSize{sizeof(size_t) == 8 ? 0x010'0000'0000U : 0xFFFF'0000U};
      |                                                                                        ^
/usr/local/helics/include/helics/application_api/../core/SmallBuffer.hpp:307:88: error: missing terminating ' character
  307 |         static constexpr size_t bigSize{sizeof(size_t) == 8 ? 0x010'0000'0000U : 0xFFFF'0000U};
      |                                                                                        ^~~~~~~~
In file included from /usr/local/helics/include/helics/application_api/../core/helicsTime.hpp:10,
                 from /usr/local/helics/include/helics/application_api/../core/core-data.hpp:11,
                 from /usr/local/helics/include/helics/application_api/ValueFederate.hpp:9,
                 from /beegfs/users/lwilliamson/repos/uncc_root/uncc-corvid/corvid/scalability/gridpack/IEEE-118/powerflow_ex.cpp:6:
/usr/local/helics/include/helics/application_api/../core/../utilities/timeRepresentation.hpp:180:7: warning: missing terminating ' character
  180 |     10'000,
      |       ^
/usr/local/helics/include/helics/application_api/../core/../utilities/timeRepresentation.hpp:180:7: error: missing terminating ' character
  180 |     10'000,
      |       ^~~~~
/usr/local/helics/include/helics/application_api/../core/../utilities/timeRepresentation.hpp:181:8: warning: missing terminating ' character
  181 |     100'000,
      |        ^
/usr/local/helics/include/helics/application_api/../core/../utilities/timeRepresentation.hpp:181:8: error: missing terminating ' character
  181 |     100'000,
      |        ^~~~~
/usr/local/helics/include/helics/application_api/../core/../utilities/timeRepresentation.hpp:182:6: warning: multi-character character constant [-Wmultichar]
  182 |     1'000'000,
      |      ^~~~~
/usr/local/helics/include/helics/application_api/../core/../utilities/timeRepresentation.hpp:183:7: warning: multi-character character constant [-Wmultichar]
  183 |     10'000'000,
      |       ^~~~~
/usr/local/helics/include/helics/application_api/../core/../utilities/timeRepresentation.hpp:184:8: warning: multi-character character constant [-Wmultichar]
  184 |     100'000'000,
      |        ^~~~~
/usr/local/helics/include/helics/application_api/../core/../utilities/timeRepresentation.hpp:185:6: warning: multi-character character constant [-Wmultichar]
  185 |     1'000'000'000,
      |      ^~~~~
/usr/local/helics/include/helics/application_api/../core/../utilities/timeRepresentation.hpp:185:14: warning: missing terminating ' character
  185 |     1'000'000'000,
      |              ^
/usr/local/helics/include/helics/application_api/../core/../utilities/timeRepresentation.hpp:185:14: error: missing terminating ' character
  185 |     1'000'000'000,
      |              ^~~~~
/usr/local/helics/include/helics/application_api/../core/../utilities/timeRepresentation.hpp:186:7: warning: multi-character character constant [-Wmultichar]
  186 |     10'000'000'000,
      |       ^~~~~
/usr/local/helics/include/helics/application_api/../core/../utilities/timeRepresentation.hpp:186:15: warning: missing terminating ' character
  186 |     10'000'000'000,
      |               ^
/usr/local/helics/include/helics/application_api/../core/../utilities/timeRepresentation.hpp:186:15: error: missing terminating ' character
  186 |     10'000'000'000,
      |               ^~~~~
/usr/local/helics/include/helics/application_api/../core/../utilities/timeRepresentation.hpp:187:8: warning: multi-character character constant [-Wmultichar]
  187 |     100'000'000'000,
      |        ^~~~~
/usr/local/helics/include/helics/application_api/../core/../utilities/timeRepresentation.hpp:187:16: warning: missing terminating ' character
  187 |     100'000'000'000,
      |                ^
/usr/local/helics/include/helics/application_api/../core/../utilities/timeRepresentation.hpp:187:16: error: missing terminating ' character
  187 |     100'000'000'000,
      |                ^~~~~
/usr/local/helics/include/helics/application_api/../core/../utilities/timeRepresentation.hpp:188:6: warning: multi-character character constant [-Wmultichar]
  188 |     1'000'000'000'000,
      |      ^~~~~
/usr/local/helics/include/helics/application_api/../core/../utilities/timeRepresentation.hpp:188:14: warning: multi-character character constant [-Wmultichar]
  188 |     1'000'000'000'000,
      |              ^~~~~
/usr/local/helics/include/helics/application_api/../core/../utilities/timeRepresentation.hpp:189:7: warning: multi-character character constant [-Wmultichar]
  189 |     10'000'000'000'000,
      |       ^~~~~
/usr/local/helics/include/helics/application_api/../core/../utilities/timeRepresentation.hpp:189:15: warning: multi-character character constant [-Wmultichar]
  189 |     10'000'000'000'000,
      |               ^~~~~
/usr/local/helics/include/helics/application_api/../core/../utilities/timeRepresentation.hpp:190:8: warning: multi-character character constant [-Wmultichar]
  190 |     100'000'000'000'000,
      |        ^~~~~
/usr/local/helics/include/helics/application_api/../core/../utilities/timeRepresentation.hpp:190:16: warning: multi-character character constant [-Wmultichar]
  190 |     100'000'000'000'000,
      |                ^~~~~
/usr/local/helics/include/helics/application_api/../core/../utilities/timeRepresentation.hpp:191:6: warning: multi-character character constant [-Wmultichar]
  191 |     1'000'000'000'000'000};
      |      ^~~~~
/usr/local/helics/include/helics/application_api/../core/../utilities/timeRepresentation.hpp:191:14: warning: multi-character character constant [-Wmultichar]
  191 |     1'000'000'000'000'000};
      |              ^~~~~
/usr/local/helics/include/helics/application_api/../core/../utilities/timeRepresentation.hpp:191:22: warning: missing terminating ' character
  191 |     1'000'000'000'000'000};
      |                      ^
/usr/local/helics/include/helics/application_api/../core/../utilities/timeRepresentation.hpp:191:22: error: missing terminating ' character
  191 |     1'000'000'000'000'000};
      |                      ^~~~~~
/usr/local/helics/include/helics/application_api/../core/../utilities/timeRepresentation.hpp:199:7: warning: missing terminating ' character
  199 |     10'000.0,
      |       ^
/usr/local/helics/include/helics/application_api/../core/../utilities/timeRepresentation.hpp:199:7: error: missing terminating ' character
  199 |     10'000.0,
      |       ^~~~~~~
/usr/local/helics/include/helics/application_api/../core/../utilities/timeRepresentation.hpp:200:8: warning: missing terminating ' character
  200 |     100'000.0,
      |        ^
/usr/local/helics/include/helics/application_api/../core/../utilities/timeRepresentation.hpp:200:8: error: missing terminating ' character
  200 |     100'000.0,
      |        ^~~~~~~
/usr/local/helics/include/helics/application_api/../core/../utilities/timeRepresentation.hpp:201:6: warning: multi-character character constant [-Wmultichar]
  201 |     1'000'000.0,
      |      ^~~~~
/usr/local/helics/include/helics/application_api/../core/../utilities/timeRepresentation.hpp:202:7: warning: multi-character character constant [-Wmultichar]
  202 |     10'000'000.0,
      |       ^~~~~
/usr/local/helics/include/helics/application_api/../core/../utilities/timeRepresentation.hpp:203:8: warning: multi-character character constant [-Wmultichar]
  203 |     100'000'000.0,
      |        ^~~~~
/usr/local/helics/include/helics/application_api/../core/../utilities/timeRepresentation.hpp:204:6: warning: multi-character character constant [-Wmultichar]
  204 |     1'000'000'000.0,
      |      ^~~~~
/usr/local/helics/include/helics/application_api/../core/../utilities/timeRepresentation.hpp:204:14: warning: missing terminating ' character
  204 |     1'000'000'000.0,
      |              ^
/usr/local/helics/include/helics/application_api/../core/../utilities/timeRepresentation.hpp:204:14: error: missing terminating ' character
  204 |     1'000'000'000.0,
      |              ^~~~~~~
/usr/local/helics/include/helics/application_api/../core/../utilities/timeRepresentation.hpp:205:7: warning: multi-character character constant [-Wmultichar]
  205 |     10'000'000'000.0,
      |       ^~~~~
/usr/local/helics/include/helics/application_api/../core/../utilities/timeRepresentation.hpp:205:15: warning: missing terminating ' character
  205 |     10'000'000'000.0,
      |               ^
/usr/local/helics/include/helics/application_api/../core/../utilities/timeRepresentation.hpp:205:15: error: missing terminating ' character
  205 |     10'000'000'000.0,
      |               ^~~~~~~
/usr/local/helics/include/helics/application_api/../core/../utilities/timeRepresentation.hpp:206:8: warning: multi-character character constant [-Wmultichar]
  206 |     100'000'000'000.0,
      |        ^~~~~
/usr/local/helics/include/helics/application_api/../core/../utilities/timeRepresentation.hpp:206:16: warning: missing terminating ' character
  206 |     100'000'000'000.0,
      |                ^
/usr/local/helics/include/helics/application_api/../core/../utilities/timeRepresentation.hpp:206:16: error: missing terminating ' character
  206 |     100'000'000'000.0,
      |                ^~~~~~~
/usr/local/helics/include/helics/application_api/../core/../utilities/timeRepresentation.hpp:207:6: warning: multi-character character constant [-Wmultichar]
  207 |     1'000'000'000'000.0,
      |      ^~~~~
/usr/local/helics/include/helics/application_api/../core/../utilities/timeRepresentation.hpp:207:14: warning: multi-character character constant [-Wmultichar]
  207 |     1'000'000'000'000.0,
      |              ^~~~~
/usr/local/helics/include/helics/application_api/../core/../utilities/timeRepresentation.hpp:208:7: warning: multi-character character constant [-Wmultichar]
  208 |     10'000'000'000'000.0,
      |       ^~~~~
/usr/local/helics/include/helics/application_api/../core/../utilities/timeRepresentation.hpp:208:15: warning: multi-character character constant [-Wmultichar]
  208 |     10'000'000'000'000.0,
      |               ^~~~~
/usr/local/helics/include/helics/application_api/../core/../utilities/timeRepresentation.hpp:209:8: warning: multi-character character constant [-Wmultichar]
  209 |     100'000'000'000'000.0,
      |        ^~~~~
/usr/local/helics/include/helics/application_api/../core/../utilities/timeRepresentation.hpp:209:16: warning: multi-character character constant [-Wmultichar]
  209 |     100'000'000'000'000.0,
      |                ^~~~~
/usr/local/helics/include/helics/application_api/../core/../utilities/timeRepresentation.hpp:210:6: warning: multi-character character constant [-Wmultichar]
  210 |     1'000'000'000'000'000.0};
      |      ^~~~~
/usr/local/helics/include/helics/application_api/../core/../utilities/timeRepresentation.hpp:210:14: warning: multi-character character constant [-Wmultichar]
  210 |     1'000'000'000'000'000.0};
      |              ^~~~~
/usr/local/helics/include/helics/application_api/../core/../utilities/timeRepresentation.hpp:210:22: warning: missing terminating ' character
  210 |     1'000'000'000'000'000.0};
      |                      ^
/usr/local/helics/include/helics/application_api/../core/../utilities/timeRepresentation.hpp:210:22: error: missing terminating ' character
  210 |     1'000'000'000'000'000.0};
      |                      ^~~~~~~~
In file included from /usr/local/helics/include/helics/application_api/Federate.hpp:8,
                 from /usr/local/helics/include/helics/application_api/ValueFederate.hpp:10,
                 from /beegfs/users/lwilliamson/repos/uncc_root/uncc-corvid/corvid/scalability/gridpack/IEEE-118/powerflow_ex.cpp:6:
/usr/local/helics/include/helics/application_api/../core/LocalFederateId.hpp:42:45: warning: multi-character character constant [-Wmultichar]
   42 |     static constexpr BaseType invalid_fid{-2'000'000'000};  //!< defined invalid handle
      |                                             ^~~~~
/usr/local/helics/include/helics/application_api/../core/LocalFederateId.hpp:42:53: warning: missing terminating ' character
   42 |     static constexpr BaseType invalid_fid{-2'000'000'000};  //!< defined invalid handle
      |                                                     ^
/usr/local/helics/include/helics/application_api/../core/LocalFederateId.hpp:42:53: error: missing terminating ' character
   42 |     static constexpr BaseType invalid_fid{-2'000'000'000};  //!< defined invalid handle
      |                                                     ^~~~~~~~~~~~~~~~~~~~~~~~~~~~~~~~~~~
/usr/local/helics/include/helics/application_api/../core/LocalFederateId.hpp:57:60: warning: multi-character character constant [-Wmultichar]
   57 |     constexpr IdentifierBaseType gInvalidInterfaceHandle{-1'700'000'000};
      |                                                            ^~~~~
/usr/local/helics/include/helics/application_api/../core/LocalFederateId.hpp:57:68: warning: missing terminating ' character
   57 |     constexpr IdentifierBaseType gInvalidInterfaceHandle{-1'700'000'000};
      |                                                                    ^
/usr/local/helics/include/helics/application_api/../core/LocalFederateId.hpp:57:68: error: missing terminating ' character
   57 |     constexpr IdentifierBaseType gInvalidInterfaceHandle{-1'700'000'000};
      |                                                                    ^~~~~~
/usr/local/helics/include/helics/application_api/../core/LocalFederateId.hpp:97:7: warning: multi-character character constant [-Wmultichar]
   97 |     -1'745'234};  //!< this special handle can be used to directly send a message in a core
      |       ^~~~~
[ 62%] Linking CXX static library liborchestrator.a
[ 62%] Built target orchestrator
[ 75%] Building CXX object orchestrator/CMakeFiles/orchestrator_exec.dir/main.cpp.o
[ 87%] Linking CXX executable orchestrator_exec
[ 87%] Built target orchestrator_exec
In file included from /usr/local/helics/include/helics/application_api/../core/core-data.hpp:9,
                 from /usr/local/helics/include/helics/application_api/ValueFederate.hpp:9,
                 from /beegfs/users/lwilliamson/repos/uncc_root/uncc-corvid/corvid/scalability/gridpack/IEEE-118/powerflow_ex.cpp:6:
/usr/local/helics/include/helics/application_api/../core/SmallBuffer.hpp:54:32: error: ‘enable_if_t’ in namespace ‘std’ does not name a template type
   54 |              typename T = std::enable_if_t<std::is_constructible_v<std::string_view, U>>>
      |                                ^~~~~~~~~~~
/usr/local/helics/include/helics/application_api/../core/SmallBuffer.hpp:54:27: note: ‘std::enable_if_t’ is only available from C++14 onwards
   54 |              typename T = std::enable_if_t<std::is_constructible_v<std::string_view, U>>>
      |                           ^~~
/usr/local/helics/include/helics/application_api/../core/SmallBuffer.hpp:54:43: error: expected ‘>’ before ‘<’ token
   54 |              typename T = std::enable_if_t<std::is_constructible_v<std::string_view, U>>>
      |                                           ^
/usr/local/helics/include/helics/application_api/../core/SmallBuffer.hpp:71:40: error: ‘std::byte’ has not been declared
   71 |     SmallBuffer(std::size_t size, std::byte val): heap(buffer.data()) { resize(size, val); }
      |                                        ^~~~
/usr/local/helics/include/helics/application_api/../core/SmallBuffer.hpp:145:32: error: ‘enable_if_t’ in namespace ‘std’ does not name a template type
  145 |              typename T = std::enable_if_t<std::is_constructible_v<std::string_view, U>>>
      |                                ^~~~~~~~~~~
/usr/local/helics/include/helics/application_api/../core/SmallBuffer.hpp:145:27: note: ‘std::enable_if_t’ is only available from C++14 onwards
  145 |              typename T = std::enable_if_t<std::is_constructible_v<std::string_view, U>>>
      |                           ^~~
/usr/local/helics/include/helics/application_api/../core/SmallBuffer.hpp:145:43: error: expected ‘>’ before ‘<’ token
  145 |              typename T = std::enable_if_t<std::is_constructible_v<std::string_view, U>>>
      |                                           ^
/usr/local/helics/include/helics/application_api/../core/SmallBuffer.hpp:160:10: error: ‘byte’ in namespace ‘std’ does not name a type
  160 |     std::byte* data() const { return heap; }
      |          ^~~~
/usr/local/helics/include/helics/application_api/../core/SmallBuffer.hpp:160:5: note: ‘std::byte’ is only available from C++17 onwards
  160 |     std::byte* data() const { return heap; }
      |     ^~~
/usr/local/helics/include/helics/application_api/../core/SmallBuffer.hpp:162:10: error: ‘byte’ in namespace ‘std’ does not name a type
  162 |     std::byte* begin() { return heap; }
      |          ^~~~
/usr/local/helics/include/helics/application_api/../core/SmallBuffer.hpp:162:5: note: ‘std::byte’ is only available from C++17 onwards
  162 |     std::byte* begin() { return heap; }
      |     ^~~
/usr/local/helics/include/helics/application_api/../core/SmallBuffer.hpp:164:10: error: ‘byte’ in namespace ‘std’ does not name a type
  164 |     std::byte* end() { return heap + bufferSize; }
      |          ^~~~
/usr/local/helics/include/helics/application_api/../core/SmallBuffer.hpp:164:5: note: ‘std::byte’ is only available from C++17 onwards
  164 |     std::byte* end() { return heap + bufferSize; }
      |     ^~~
/usr/local/helics/include/helics/application_api/../core/SmallBuffer.hpp:166:16: error: ‘byte’ in namespace ‘std’ does not name a type
  166 |     const std::byte* begin() const { return heap; }
      |                ^~~~
/usr/local/helics/include/helics/application_api/../core/SmallBuffer.hpp:166:11: note: ‘std::byte’ is only available from C++17 onwards
  166 |     const std::byte* begin() const { return heap; }
      |           ^~~
/usr/local/helics/include/helics/application_api/../core/SmallBuffer.hpp:168:16: error: ‘byte’ in namespace ‘std’ does not name a type
  168 |     const std::byte* end() const { return heap + bufferSize; }
      |                ^~~~
/usr/local/helics/include/helics/application_api/../core/SmallBuffer.hpp:168:11: note: ‘std::byte’ is only available from C++17 onwards
  168 |     const std::byte* end() const { return heap + bufferSize; }
      |           ^~~
/usr/local/helics/include/helics/application_api/../core/SmallBuffer.hpp:170:10: error: ‘byte’ in namespace ‘std’ does not name a type
  170 |     std::byte operator[](size_t index) const { return heap[index]; }
      |          ^~~~
/usr/local/helics/include/helics/application_api/../core/SmallBuffer.hpp:170:5: note: ‘std::byte’ is only available from C++17 onwards
  170 |     std::byte operator[](size_t index) const { return heap[index]; }
      |     ^~~
/usr/local/helics/include/helics/application_api/../core/SmallBuffer.hpp:172:10: error: ‘byte’ in namespace ‘std’ does not name a type
  172 |     std::byte& operator[](size_t index) { return heap[index]; }
      |          ^~~~
/usr/local/helics/include/helics/application_api/../core/SmallBuffer.hpp:172:5: note: ‘std::byte’ is only available from C++17 onwards
  172 |     std::byte& operator[](size_t index) { return heap[index]; }
      |     ^~~
/usr/local/helics/include/helics/application_api/../core/SmallBuffer.hpp:174:10: error: ‘byte’ in namespace ‘std’ does not name a type
  174 |     std::byte at(size_t index) const
      |          ^~~~
/usr/local/helics/include/helics/application_api/../core/SmallBuffer.hpp:174:5: note: ‘std::byte’ is only available from C++17 onwards
  174 |     std::byte at(size_t index) const
      |     ^~~
/usr/local/helics/include/helics/application_api/../core/SmallBuffer.hpp:182:10: error: ‘byte’ in namespace ‘std’ does not name a type
  182 |     std::byte& at(size_t index)
      |          ^~~~
/usr/local/helics/include/helics/application_api/../core/SmallBuffer.hpp:182:5: note: ‘std::byte’ is only available from C++17 onwards
  182 |     std::byte& at(size_t index)
      |     ^~~
/usr/local/helics/include/helics/application_api/../core/SmallBuffer.hpp:226:22: error: ‘std::string_view’ has not been declared
  226 |     void append(std::string_view data)
      |                      ^~~~~~~~~~~
/usr/local/helics/include/helics/application_api/../core/SmallBuffer.hpp:238:10: error: ‘string_view’ in namespace ‘std’ does not name a type
  238 |     std::string_view to_string() const
      |          ^~~~~~~~~~~
/usr/local/helics/include/helics/application_api/../core/SmallBuffer.hpp:238:5: note: ‘std::string_view’ is only available from C++17 onwards
  238 |     std::string_view to_string() const
      |     ^~~
/usr/local/helics/include/helics/application_api/../core/SmallBuffer.hpp:297:35: error: ‘std::byte’ has not been declared
  297 |     void resize(size_t size, std::byte val)
      |                                   ^~~~
/usr/local/helics/include/helics/application_api/../core/SmallBuffer.hpp:406:13: error: ‘bool helics::SmallBuffer::operator==(const helics::SmallBuffer&, const helics::SmallBuffer&)’ must have exactly one argument
  406 | inline bool operator==(const SmallBuffer& sb1, const SmallBuffer& sb2)
      |             ^~~~~~~~
/usr/local/helics/include/helics/application_api/../core/SmallBuffer.hpp:412:13: error: ‘bool helics::SmallBuffer::operator!=(const helics::SmallBuffer&, const helics::SmallBuffer&)’ must have exactly one argument
  412 | inline bool operator!=(const SmallBuffer& sb1, const SmallBuffer& sb2)
      |             ^~~~~~~~
/usr/local/helics/include/helics/application_api/../core/SmallBuffer.hpp:421:2: error: expected ‘;’ after class definition
  421 | }  // namespace helics
      |  ^
      |  ;
/usr/local/helics/include/helics/application_api/../core/SmallBuffer.hpp: In constructor ‘helics::SmallBuffer::SmallBuffer()’:
/usr/local/helics/include/helics/application_api/../core/SmallBuffer.hpp:27:29: error: class ‘helics::SmallBuffer’ does not have any field named ‘heap’
   27 |     SmallBuffer() noexcept: heap(buffer.data()) {}
      |                             ^~~~
/usr/local/helics/include/helics/application_api/../core/SmallBuffer.hpp:27:34: error: ‘buffer’ was not declared in this scope; did you mean ‘setbuffer’?
   27 |     SmallBuffer() noexcept: heap(buffer.data()) {}
      |                                  ^~~~~~
      |                                  setbuffer
/usr/local/helics/include/helics/application_api/../core/SmallBuffer.hpp: In copy constructor ‘helics::SmallBuffer::SmallBuffer(const helics::SmallBuffer&)’:
/usr/local/helics/include/helics/application_api/../core/SmallBuffer.hpp:29:41: error: class ‘helics::SmallBuffer’ does not have any field named ‘heap’
   29 |     SmallBuffer(const SmallBuffer& sb): heap(buffer.data())
      |                                         ^~~~
/usr/local/helics/include/helics/application_api/../core/SmallBuffer.hpp:29:46: error: ‘buffer’ was not declared in this scope; did you mean ‘setbuffer’?
   29 |     SmallBuffer(const SmallBuffer& sb): heap(buffer.data())
      |                                              ^~~~~~
      |                                              setbuffer
/usr/local/helics/include/helics/application_api/../core/SmallBuffer.hpp:31:19: error: ‘const class helics::SmallBuffer’ has no member named ‘size’; did you mean ‘resize’?
   31 |         resize(sb.size());
      |                   ^~~~
      |                   resize
/usr/local/helics/include/helics/application_api/../core/SmallBuffer.hpp:32:21: error: ‘heap’ was not declared in this scope
   32 |         std::memcpy(heap, sb.heap, sb.size());
      |                     ^~~~
/usr/local/helics/include/helics/application_api/../core/SmallBuffer.hpp:32:30: error: ‘const class helics::SmallBuffer’ has no member named ‘heap’
   32 |         std::memcpy(heap, sb.heap, sb.size());
      |                              ^~~~
/usr/local/helics/include/helics/application_api/../core/SmallBuffer.hpp:32:39: error: ‘const class helics::SmallBuffer’ has no member named ‘size’; did you mean ‘resize’?
   32 |         std::memcpy(heap, sb.heap, sb.size());
      |                                       ^~~~
      |                                       resize
/usr/local/helics/include/helics/application_api/../core/SmallBuffer.hpp: In constructor ‘helics::SmallBuffer::SmallBuffer(helics::SmallBuffer&&)’:
/usr/local/helics/include/helics/application_api/../core/SmallBuffer.hpp:37:16: error: ‘class helics::SmallBuffer’ has no member named ‘usingAllocatedBuffer’
   37 |         if (sb.usingAllocatedBuffer) {
      |                ^~~~~~~~~~~~~~~~~~~~
/usr/local/helics/include/helics/application_api/../core/SmallBuffer.hpp:38:13: error: ‘heap’ was not declared in this scope
   38 |             heap = sb.heap;
      |             ^~~~
/usr/local/helics/include/helics/application_api/../core/SmallBuffer.hpp:38:23: error: ‘class helics::SmallBuffer’ has no member named ‘heap’
   38 |             heap = sb.heap;
      |                       ^~~~
/usr/local/helics/include/helics/application_api/../core/SmallBuffer.hpp:39:13: error: ‘bufferCapacity’ was not declared in this scope
   39 |             bufferCapacity = sb.bufferCapacity;
      |             ^~~~~~~~~~~~~~
/usr/local/helics/include/helics/application_api/../core/SmallBuffer.hpp:39:33: error: ‘class helics::SmallBuffer’ has no member named ‘bufferCapacity’
   39 |             bufferCapacity = sb.bufferCapacity;
      |                                 ^~~~~~~~~~~~~~
/usr/local/helics/include/helics/application_api/../core/SmallBuffer.hpp:40:13: error: ‘usingAllocatedBuffer’ was not declared in this scope
   40 |             usingAllocatedBuffer = sb.usingAllocatedBuffer;
      |             ^~~~~~~~~~~~~~~~~~~~
/usr/local/helics/include/helics/application_api/../core/SmallBuffer.hpp:40:39: error: ‘class helics::SmallBuffer’ has no member named ‘usingAllocatedBuffer’
   40 |             usingAllocatedBuffer = sb.usingAllocatedBuffer;
      |                                       ^~~~~~~~~~~~~~~~~~~~
/usr/local/helics/include/helics/application_api/../core/SmallBuffer.hpp:41:13: error: ‘nonOwning’ was not declared in this scope
   41 |             nonOwning = sb.nonOwning;
      |             ^~~~~~~~~
/usr/local/helics/include/helics/application_api/../core/SmallBuffer.hpp:41:28: error: ‘class helics::SmallBuffer’ has no member named ‘nonOwning’
   41 |             nonOwning = sb.nonOwning;
      |                            ^~~~~~~~~
/usr/local/helics/include/helics/application_api/../core/SmallBuffer.hpp:42:16: error: ‘class helics::SmallBuffer’ has no member named ‘usingAllocatedBuffer’
   42 |             sb.usingAllocatedBuffer = false;
      |                ^~~~~~~~~~~~~~~~~~~~
/usr/local/helics/include/helics/application_api/../core/SmallBuffer.hpp:44:25: error: ‘buffer’ was not declared in this scope; did you mean ‘setbuffer’?
   44 |             std::memcpy(buffer.data(), sb.heap, sb.bufferSize);
      |                         ^~~~~~
      |                         setbuffer
/usr/local/helics/include/helics/application_api/../core/SmallBuffer.hpp:44:43: error: ‘class helics::SmallBuffer’ has no member named ‘heap’
   44 |             std::memcpy(buffer.data(), sb.heap, sb.bufferSize);
      |                                           ^~~~
/usr/local/helics/include/helics/application_api/../core/SmallBuffer.hpp:44:52: error: ‘class helics::SmallBuffer’ has no member named ‘bufferSize’
   44 |             std::memcpy(buffer.data(), sb.heap, sb.bufferSize);
      |                                                    ^~~~~~~~~~
/usr/local/helics/include/helics/application_api/../core/SmallBuffer.hpp:45:13: error: ‘heap’ was not declared in this scope
   45 |             heap = buffer.data();
      |             ^~~~
/usr/local/helics/include/helics/application_api/../core/SmallBuffer.hpp:47:9: error: ‘bufferSize’ was not declared in this scope
   47 |         bufferSize = sb.bufferSize;
      |         ^~~~~~~~~~
/usr/local/helics/include/helics/application_api/../core/SmallBuffer.hpp:47:25: error: ‘class helics::SmallBuffer’ has no member named ‘bufferSize’
   47 |         bufferSize = sb.bufferSize;
      |                         ^~~~~~~~~~
/usr/local/helics/include/helics/application_api/../core/SmallBuffer.hpp:48:12: error: ‘class helics::SmallBuffer’ has no member named ‘heap’
   48 |         sb.heap = sb.buffer.data();
      |            ^~~~
/usr/local/helics/include/helics/application_api/../core/SmallBuffer.hpp:48:22: error: ‘class helics::SmallBuffer’ has no member named ‘buffer’
   48 |         sb.heap = sb.buffer.data();
      |                      ^~~~~~
/usr/local/helics/include/helics/application_api/../core/SmallBuffer.hpp:49:12: error: ‘class helics::SmallBuffer’ has no member named ‘bufferCapacity’
   49 |         sb.bufferCapacity = 64;
      |            ^~~~~~~~~~~~~~
/usr/local/helics/include/helics/application_api/../core/SmallBuffer.hpp:50:12: error: ‘class helics::SmallBuffer’ has no member named ‘bufferSize’
   50 |         sb.bufferSize = 0;
      |            ^~~~~~~~~~
/usr/local/helics/include/helics/application_api/../core/SmallBuffer.hpp: In constructor ‘helics::SmallBuffer::SmallBuffer(U&&)’:
/usr/local/helics/include/helics/application_api/../core/SmallBuffer.hpp:55:38: error: class ‘helics::SmallBuffer’ does not have any field named ‘heap’
   55 |     /*implicit*/ SmallBuffer(U&& u): heap(buffer.data())
      |                                      ^~~~
/usr/local/helics/include/helics/application_api/../core/SmallBuffer.hpp:55:43: error: ‘buffer’ was not declared in this scope; did you mean ‘setbuffer’?
   55 |     /*implicit*/ SmallBuffer(U&& u): heap(buffer.data())
      |                                           ^~~~~~
      |                                           setbuffer
/usr/local/helics/include/helics/application_api/../core/SmallBuffer.hpp:57:14: error: ‘string_view’ is not a member of ‘std’
   57 |         std::string_view val(std::forward<U>(u));
      |              ^~~~~~~~~~~
/usr/local/helics/include/helics/application_api/../core/SmallBuffer.hpp:57:14: note: ‘std::string_view’ is only available from C++17 onwards
/usr/local/helics/include/helics/application_api/../core/SmallBuffer.hpp:58:16: error: ‘val’ was not declared in this scope
   58 |         resize(val.size());
      |                ^~~
/usr/local/helics/include/helics/application_api/../core/SmallBuffer.hpp:59:21: error: ‘heap’ was not declared in this scope
   59 |         std::memcpy(heap, val.data(), val.size());
      |                     ^~~~
/usr/local/helics/include/helics/application_api/../core/SmallBuffer.hpp: In constructor ‘helics::SmallBuffer::SmallBuffer(const void*, size_t)’:
/usr/local/helics/include/helics/application_api/../core/SmallBuffer.hpp:62:49: error: class ‘helics::SmallBuffer’ does not have any field named ‘heap’
   62 |     SmallBuffer(const void* data, size_t size): heap(buffer.data())
      |                                                 ^~~~
/usr/local/helics/include/helics/application_api/../core/SmallBuffer.hpp:62:54: error: ‘buffer’ was not declared in this scope; did you mean ‘setbuffer’?
   62 |     SmallBuffer(const void* data, size_t size): heap(buffer.data())
      |                                                      ^~~~~~
      |                                                      setbuffer
/usr/local/helics/include/helics/application_api/../core/SmallBuffer.hpp:65:21: error: ‘heap’ was not declared in this scope
   65 |         std::memcpy(heap, data, size);
      |                     ^~~~
/usr/local/helics/include/helics/application_api/../core/SmallBuffer.hpp: In constructor ‘helics::SmallBuffer::SmallBuffer(std::size_t)’:
/usr/local/helics/include/helics/application_api/../core/SmallBuffer.hpp:68:45: error: class ‘helics::SmallBuffer’ does not have any field named ‘heap’
   68 |     explicit SmallBuffer(std::size_t size): heap(buffer.data()) { resize(size); }
      |                                             ^~~~
/usr/local/helics/include/helics/application_api/../core/SmallBuffer.hpp:68:50: error: ‘buffer’ was not declared in this scope; did you mean ‘setbuffer’?
   68 |     explicit SmallBuffer(std::size_t size): heap(buffer.data()) { resize(size); }
      |                                                  ^~~~~~
      |                                                  setbuffer
/usr/local/helics/include/helics/application_api/../core/SmallBuffer.hpp: In constructor ‘helics::SmallBuffer::SmallBuffer(std::size_t, int)’:
/usr/local/helics/include/helics/application_api/../core/SmallBuffer.hpp:71:51: error: class ‘helics::SmallBuffer’ does not have any field named ‘heap’
   71 |     SmallBuffer(std::size_t size, std::byte val): heap(buffer.data()) { resize(size, val); }
      |                                                   ^~~~
/usr/local/helics/include/helics/application_api/../core/SmallBuffer.hpp:71:56: error: ‘buffer’ was not declared in this scope; did you mean ‘setbuffer’?
   71 |     SmallBuffer(std::size_t size, std::byte val): heap(buffer.data()) { resize(size, val); }
      |                                                        ^~~~~~
      |                                                        setbuffer
/usr/local/helics/include/helics/application_api/../core/SmallBuffer.hpp: In constructor ‘helics::SmallBuffer::SmallBuffer(std::size_t, unsigned char)’:
/usr/local/helics/include/helics/application_api/../core/SmallBuffer.hpp:73:55: error: class ‘helics::SmallBuffer’ does not have any field named ‘heap’
   73 |     SmallBuffer(std::size_t size, unsigned char val): heap(buffer.data())
      |                                                       ^~~~
/usr/local/helics/include/helics/application_api/../core/SmallBuffer.hpp:73:60: error: ‘buffer’ was not declared in this scope; did you mean ‘setbuffer’?
   73 |     SmallBuffer(std::size_t size, unsigned char val): heap(buffer.data())
      |                                                            ^~~~~~
      |                                                            setbuffer
/usr/local/helics/include/helics/application_api/../core/SmallBuffer.hpp:75:27: error: ‘byte’ is not a member of ‘std’
   75 |         resize(size, std::byte{val});
      |                           ^~~~
/usr/local/helics/include/helics/application_api/../core/SmallBuffer.hpp:75:27: note: ‘std::byte’ is only available from C++17 onwards
/usr/local/helics/include/helics/application_api/../core/SmallBuffer.hpp: In destructor ‘helics::SmallBuffer::~SmallBuffer()’:
/usr/local/helics/include/helics/application_api/../core/SmallBuffer.hpp:80:13: error: ‘usingAllocatedBuffer’ was not declared in this scope
   80 |         if (usingAllocatedBuffer && !nonOwning) {
      |             ^~~~~~~~~~~~~~~~~~~~
/usr/local/helics/include/helics/application_api/../core/SmallBuffer.hpp:80:38: error: ‘nonOwning’ was not declared in this scope
   80 |         if (usingAllocatedBuffer && !nonOwning) {
      |                                      ^~~~~~~~~
/usr/local/helics/include/helics/application_api/../core/SmallBuffer.hpp:81:22: error: ‘heap’ was not declared in this scope
   81 |             delete[] heap;
      |                      ^~~~
/usr/local/helics/include/helics/application_api/../core/SmallBuffer.hpp: In member function ‘helics::SmallBuffer& helics::SmallBuffer::operator=(const helics::SmallBuffer&)’:
/usr/local/helics/include/helics/application_api/../core/SmallBuffer.hpp:89:19: error: ‘const class helics::SmallBuffer’ has no member named ‘size’; did you mean ‘resize’?
   89 |         resize(sb.size());
      |                   ^~~~
      |                   resize
/usr/local/helics/include/helics/application_api/../core/SmallBuffer.hpp:90:21: error: ‘heap’ was not declared in this scope
   90 |         std::memcpy(heap, sb.heap, sb.size());
      |                     ^~~~
/usr/local/helics/include/helics/application_api/../core/SmallBuffer.hpp:90:30: error: ‘const class helics::SmallBuffer’ has no member named ‘heap’
   90 |         std::memcpy(heap, sb.heap, sb.size());
      |                              ^~~~
/usr/local/helics/include/helics/application_api/../core/SmallBuffer.hpp:90:39: error: ‘const class helics::SmallBuffer’ has no member named ‘size’; did you mean ‘resize’?
   90 |         std::memcpy(heap, sb.heap, sb.size());
      |                                       ^~~~
      |                                       resize
/usr/local/helics/include/helics/application_api/../core/SmallBuffer.hpp: In member function ‘helics::SmallBuffer& helics::SmallBuffer::operator=(helics::SmallBuffer&&)’:
/usr/local/helics/include/helics/application_api/../core/SmallBuffer.hpp:95:13: error: ‘locked’ was not declared in this scope
   95 |         if (locked) {
      |             ^~~~~~
/usr/local/helics/include/helics/application_api/../core/SmallBuffer.hpp:102:17: error: ‘errorCondition’ was not declared in this scope
  102 |                 errorCondition = 2;
      |                 ^~~~~~~~~~~~~~
/usr/local/helics/include/helics/application_api/../core/SmallBuffer.hpp:106:13: error: ‘usingAllocatedBuffer’ was not declared in this scope
  106 |         if (usingAllocatedBuffer) {
      |             ^~~~~~~~~~~~~~~~~~~~
/usr/local/helics/include/helics/application_api/../core/SmallBuffer.hpp:107:17: error: ‘nonOwning’ was not declared in this scope
  107 |             if (nonOwning) {
      |                 ^~~~~~~~~
/usr/local/helics/include/helics/application_api/../core/SmallBuffer.hpp:108:24: error: ‘class helics::SmallBuffer’ has no member named ‘heap’
  108 |                 if (sb.heap == heap) {
      |                        ^~~~
/usr/local/helics/include/helics/application_api/../core/SmallBuffer.hpp:108:32: error: ‘heap’ was not declared in this scope
  108 |                 if (sb.heap == heap) {
      |                                ^~~~
/usr/local/helics/include/helics/application_api/../core/SmallBuffer.hpp:109:21: error: ‘bufferSize’ was not declared in this scope
  109 |                     bufferSize = sb.bufferSize;
      |                     ^~~~~~~~~~
/usr/local/helics/include/helics/application_api/../core/SmallBuffer.hpp:109:37: error: ‘class helics::SmallBuffer’ has no member named ‘bufferSize’
  109 |                     bufferSize = sb.bufferSize;
      |                                     ^~~~~~~~~~
/usr/local/helics/include/helics/application_api/../core/SmallBuffer.hpp:110:21: error: ‘bufferCapacity’ was not declared in this scope
  110 |                     bufferCapacity = sb.bufferCapacity;
      |                     ^~~~~~~~~~~~~~
/usr/local/helics/include/helics/application_api/../core/SmallBuffer.hpp:110:41: error: ‘class helics::SmallBuffer’ has no member named ‘bufferCapacity’
  110 |                     bufferCapacity = sb.bufferCapacity;
      |                                         ^~~~~~~~~~~~~~
/usr/local/helics/include/helics/application_api/../core/SmallBuffer.hpp:114:24: error: ‘class helics::SmallBuffer’ has no member named ‘heap’
  114 |                 if (sb.heap == heap) {
      |                        ^~~~
/usr/local/helics/include/helics/application_api/../core/SmallBuffer.hpp:114:32: error: ‘heap’ was not declared in this scope
  114 |                 if (sb.heap == heap) {
      |                                ^~~~
/usr/local/helics/include/helics/application_api/../core/SmallBuffer.hpp:115:21: error: ‘bufferSize’ was not declared in this scope
  115 |                     bufferSize = sb.bufferSize;
      |                     ^~~~~~~~~~
/usr/local/helics/include/helics/application_api/../core/SmallBuffer.hpp:115:37: error: ‘class helics::SmallBuffer’ has no member named ‘bufferSize’
  115 |                     bufferSize = sb.bufferSize;
      |                                     ^~~~~~~~~~
/usr/local/helics/include/helics/application_api/../core/SmallBuffer.hpp:118:26: error: ‘heap’ was not declared in this scope
  118 |                 delete[] heap;
      |                          ^~~~
/usr/local/helics/include/helics/application_api/../core/SmallBuffer.hpp:122:16: error: ‘class helics::SmallBuffer’ has no member named ‘usingAllocatedBuffer’
  122 |         if (sb.usingAllocatedBuffer) {
      |                ^~~~~~~~~~~~~~~~~~~~
/usr/local/helics/include/helics/application_api/../core/SmallBuffer.hpp:123:13: error: ‘heap’ was not declared in this scope
  123 |             heap = sb.heap;
      |             ^~~~
/usr/local/helics/include/helics/application_api/../core/SmallBuffer.hpp:123:23: error: ‘class helics::SmallBuffer’ has no member named ‘heap’
  123 |             heap = sb.heap;
      |                       ^~~~
/usr/local/helics/include/helics/application_api/../core/SmallBuffer.hpp:124:13: error: ‘bufferCapacity’ was not declared in this scope
  124 |             bufferCapacity = sb.bufferCapacity;
      |             ^~~~~~~~~~~~~~
/usr/local/helics/include/helics/application_api/../core/SmallBuffer.hpp:124:33: error: ‘class helics::SmallBuffer’ has no member named ‘bufferCapacity’
  124 |             bufferCapacity = sb.bufferCapacity;
      |                                 ^~~~~~~~~~~~~~
/usr/local/helics/include/helics/application_api/../core/SmallBuffer.hpp:125:13: error: ‘usingAllocatedBuffer’ was not declared in this scope
  125 |             usingAllocatedBuffer = true;
      |             ^~~~~~~~~~~~~~~~~~~~
/usr/local/helics/include/helics/application_api/../core/SmallBuffer.hpp:126:13: error: ‘nonOwning’ was not declared in this scope
  126 |             nonOwning = sb.nonOwning;
      |             ^~~~~~~~~
/usr/local/helics/include/helics/application_api/../core/SmallBuffer.hpp:126:28: error: ‘class helics::SmallBuffer’ has no member named ‘nonOwning’
  126 |             nonOwning = sb.nonOwning;
      |                            ^~~~~~~~~
/usr/local/helics/include/helics/application_api/../core/SmallBuffer.hpp:128:25: error: ‘buffer’ was not declared in this scope; did you mean ‘setbuffer’?
  128 |             std::memcpy(buffer.data(), sb.heap, sb.bufferSize);
      |                         ^~~~~~
      |                         setbuffer
/usr/local/helics/include/helics/application_api/../core/SmallBuffer.hpp:128:43: error: ‘class helics::SmallBuffer’ has no member named ‘heap’
  128 |             std::memcpy(buffer.data(), sb.heap, sb.bufferSize);
      |                                           ^~~~
/usr/local/helics/include/helics/application_api/../core/SmallBuffer.hpp:128:52: error: ‘class helics::SmallBuffer’ has no member named ‘bufferSize’
  128 |             std::memcpy(buffer.data(), sb.heap, sb.bufferSize);
      |                                                    ^~~~~~~~~~
/usr/local/helics/include/helics/application_api/../core/SmallBuffer.hpp:129:13: error: ‘usingAllocatedBuffer’ was not declared in this scope
  129 |             usingAllocatedBuffer = false;
      |             ^~~~~~~~~~~~~~~~~~~~
/usr/local/helics/include/helics/application_api/../core/SmallBuffer.hpp:130:13: error: ‘nonOwning’ was not declared in this scope
  130 |             nonOwning = false;
      |             ^~~~~~~~~
/usr/local/helics/include/helics/application_api/../core/SmallBuffer.hpp:131:13: error: ‘heap’ was not declared in this scope
  131 |             heap = buffer.data();
      |             ^~~~
/usr/local/helics/include/helics/application_api/../core/SmallBuffer.hpp:132:13: error: ‘bufferCapacity’ was not declared in this scope
  132 |             bufferCapacity = 64;
      |             ^~~~~~~~~~~~~~
/usr/local/helics/include/helics/application_api/../core/SmallBuffer.hpp:134:9: error: ‘locked’ was not declared in this scope
  134 |         locked = sb.locked;
      |         ^~~~~~
/usr/local/helics/include/helics/application_api/../core/SmallBuffer.hpp:134:21: error: ‘class helics::SmallBuffer’ has no member named ‘locked’
  134 |         locked = sb.locked;
      |                     ^~~~~~
/usr/local/helics/include/helics/application_api/../core/SmallBuffer.hpp:135:9: error: ‘bufferSize’ was not declared in this scope
  135 |         bufferSize = sb.bufferSize;
      |         ^~~~~~~~~~
/usr/local/helics/include/helics/application_api/../core/SmallBuffer.hpp:135:25: error: ‘class helics::SmallBuffer’ has no member named ‘bufferSize’
  135 |         bufferSize = sb.bufferSize;
      |                         ^~~~~~~~~~
/usr/local/helics/include/helics/application_api/../core/SmallBuffer.hpp:136:12: error: ‘class helics::SmallBuffer’ has no member named ‘heap’
  136 |         sb.heap = sb.buffer.data();
      |            ^~~~
/usr/local/helics/include/helics/application_api/../core/SmallBuffer.hpp:136:22: error: ‘class helics::SmallBuffer’ has no member named ‘buffer’
  136 |         sb.heap = sb.buffer.data();
      |                      ^~~~~~
/usr/local/helics/include/helics/application_api/../core/SmallBuffer.hpp:137:12: error: ‘class helics::SmallBuffer’ has no member named ‘bufferCapacity’
  137 |         sb.bufferCapacity = 64;
      |            ^~~~~~~~~~~~~~
/usr/local/helics/include/helics/application_api/../core/SmallBuffer.hpp:138:12: error: ‘class helics::SmallBuffer’ has no member named ‘bufferSize’
  138 |         sb.bufferSize = 0;
      |            ^~~~~~~~~~
/usr/local/helics/include/helics/application_api/../core/SmallBuffer.hpp:139:12: error: ‘class helics::SmallBuffer’ has no member named ‘usingAllocatedBuffer’
  139 |         sb.usingAllocatedBuffer = false;
      |            ^~~~~~~~~~~~~~~~~~~~
/usr/local/helics/include/helics/application_api/../core/SmallBuffer.hpp:140:12: error: ‘class helics::SmallBuffer’ has no member named ‘locked’
  140 |         sb.locked = false;
      |            ^~~~~~
/usr/local/helics/include/helics/application_api/../core/SmallBuffer.hpp: In member function ‘helics::SmallBuffer& helics::SmallBuffer::operator=(U&&)’:
/usr/local/helics/include/helics/application_api/../core/SmallBuffer.hpp:148:14: error: ‘string_view’ is not a member of ‘std’
  148 |         std::string_view val(std::forward<U>(u));
      |              ^~~~~~~~~~~
/usr/local/helics/include/helics/application_api/../core/SmallBuffer.hpp:148:14: note: ‘std::string_view’ is only available from C++17 onwards
/usr/local/helics/include/helics/application_api/../core/SmallBuffer.hpp:149:36: error: ISO C++ forbids declaration of ‘type name’ with no type [-fpermissive]
  149 |         if (reinterpret_cast<const std::byte*>(val.data()) == heap) {
      |                                    ^~~
/usr/local/helics/include/helics/application_api/../core/SmallBuffer.hpp:149:36: error: expected ‘>’
/usr/local/helics/include/helics/application_api/../core/SmallBuffer.hpp:149:36: error: expected ‘(’
/usr/local/helics/include/helics/application_api/../core/SmallBuffer.hpp:149:41: error: ‘byte’ is not a member of ‘std’
  149 |         if (reinterpret_cast<const std::byte*>(val.data()) == heap) {
      |                                         ^~~~
/usr/local/helics/include/helics/application_api/../core/SmallBuffer.hpp:149:41: note: ‘std::byte’ is only available from C++17 onwards
/usr/local/helics/include/helics/application_api/../core/SmallBuffer.hpp:149:46: error: expected primary-expression before ‘>’ token
  149 |         if (reinterpret_cast<const std::byte*>(val.data()) == heap) {
      |                                              ^
/usr/local/helics/include/helics/application_api/../core/SmallBuffer.hpp:149:48: error: ‘val’ was not declared in this scope
  149 |         if (reinterpret_cast<const std::byte*>(val.data()) == heap) {
      |                                                ^~~
/usr/local/helics/include/helics/application_api/../core/SmallBuffer.hpp:149:63: error: ‘heap’ was not declared in this scope
  149 |         if (reinterpret_cast<const std::byte*>(val.data()) == heap) {
      |                                                               ^~~~
/usr/local/helics/include/helics/application_api/../core/SmallBuffer.hpp:149:69: error: expected ‘)’ before ‘{’ token
  149 |         if (reinterpret_cast<const std::byte*>(val.data()) == heap) {
      |                                                                     ^
/usr/local/helics/include/helics/application_api/../core/SmallBuffer.hpp:149:12: note: to match this ‘(’
  149 |         if (reinterpret_cast<const std::byte*>(val.data()) == heap) {
      |            ^
/usr/local/helics/include/helics/application_api/../core/SmallBuffer.hpp:154:13: error: ‘val’ was not declared in this scope
  154 |         if (val.size() > 0) {
      |             ^~~
/usr/local/helics/include/helics/application_api/../core/SmallBuffer.hpp:155:25: error: ‘heap’ was not declared in this scope
  155 |             std::memcpy(heap, val.data(), val.size());
      |                         ^~~~
/usr/local/helics/include/helics/application_api/../core/SmallBuffer.hpp: In member function ‘void helics::SmallBuffer::assign(const void*, const void*)’:
/usr/local/helics/include/helics/application_api/../core/SmallBuffer.hpp:196:50: error: ISO C++ forbids declaration of ‘type name’ with no type [-fpermissive]
  196 |         const auto* st1 = reinterpret_cast<const std::byte*>(start);
      |                                                  ^~~
/usr/local/helics/include/helics/application_api/../core/SmallBuffer.hpp:196:50: error: expected ‘>’
/usr/local/helics/include/helics/application_api/../core/SmallBuffer.hpp:196:50: error: expected ‘(’
/usr/local/helics/include/helics/application_api/../core/SmallBuffer.hpp:196:55: error: ‘byte’ is not a member of ‘std’
  196 |         const auto* st1 = reinterpret_cast<const std::byte*>(start);
      |                                                       ^~~~
/usr/local/helics/include/helics/application_api/../core/SmallBuffer.hpp:196:55: note: ‘std::byte’ is only available from C++17 onwards
/usr/local/helics/include/helics/application_api/../core/SmallBuffer.hpp:196:60: error: expected primary-expression before ‘>’ token
  196 |         const auto* st1 = reinterpret_cast<const std::byte*>(start);
      |                                                            ^
/usr/local/helics/include/helics/application_api/../core/SmallBuffer.hpp:196:68: error: expected ‘)’ before ‘;’ token
  196 |         const auto* st1 = reinterpret_cast<const std::byte*>(start);
      |                                                                    ^
/usr/local/helics/include/helics/application_api/../core/SmallBuffer.hpp:197:51: error: ISO C++ forbids declaration of ‘type name’ with no type [-fpermissive]
  197 |         const auto* end1 = reinterpret_cast<const std::byte*>(end);
      |                                                   ^~~
/usr/local/helics/include/helics/application_api/../core/SmallBuffer.hpp:197:51: error: expected ‘>’
/usr/local/helics/include/helics/application_api/../core/SmallBuffer.hpp:197:51: error: expected ‘(’
/usr/local/helics/include/helics/application_api/../core/SmallBuffer.hpp:197:56: error: ‘byte’ is not a member of ‘std’
  197 |         const auto* end1 = reinterpret_cast<const std::byte*>(end);
      |                                                        ^~~~
/usr/local/helics/include/helics/application_api/../core/SmallBuffer.hpp:197:56: note: ‘std::byte’ is only available from C++17 onwards
/usr/local/helics/include/helics/application_api/../core/SmallBuffer.hpp:197:61: error: expected primary-expression before ‘>’ token
  197 |         const auto* end1 = reinterpret_cast<const std::byte*>(end);
      |                                                             ^
/usr/local/helics/include/helics/application_api/../core/SmallBuffer.hpp:197:67: error: expected ‘)’ before ‘;’ token
  197 |         const auto* end1 = reinterpret_cast<const std::byte*>(end);
      |                                                                   ^
/usr/local/helics/include/helics/application_api/../core/SmallBuffer.hpp:199:21: error: ‘heap’ was not declared in this scope
  199 |         std::memcpy(heap, st1, end1 - st1);
      |                     ^~~~
/usr/local/helics/include/helics/application_api/../core/SmallBuffer.hpp: In member function ‘void helics::SmallBuffer::assign(const void*, std::size_t)’:
/usr/local/helics/include/helics/application_api/../core/SmallBuffer.hpp:203:50: error: ISO C++ forbids declaration of ‘type name’ with no type [-fpermissive]
  203 |         const auto* st1 = reinterpret_cast<const std::byte*>(start);
      |                                                  ^~~
/usr/local/helics/include/helics/application_api/../core/SmallBuffer.hpp:203:50: error: expected ‘>’
/usr/local/helics/include/helics/application_api/../core/SmallBuffer.hpp:203:50: error: expected ‘(’
/usr/local/helics/include/helics/application_api/../core/SmallBuffer.hpp:203:55: error: ‘byte’ is not a member of ‘std’
  203 |         const auto* st1 = reinterpret_cast<const std::byte*>(start);
      |                                                       ^~~~
/usr/local/helics/include/helics/application_api/../core/SmallBuffer.hpp:203:55: note: ‘std::byte’ is only available from C++17 onwards
/usr/local/helics/include/helics/application_api/../core/SmallBuffer.hpp:203:60: error: expected primary-expression before ‘>’ token
  203 |         const auto* st1 = reinterpret_cast<const std::byte*>(start);
      |                                                            ^
/usr/local/helics/include/helics/application_api/../core/SmallBuffer.hpp:203:68: error: expected ‘)’ before ‘;’ token
  203 |         const auto* st1 = reinterpret_cast<const std::byte*>(start);
      |                                                                    ^
/usr/local/helics/include/helics/application_api/../core/SmallBuffer.hpp:205:21: error: ‘heap’ was not declared in this scope
  205 |         std::memcpy(heap, st1, size);
      |                     ^~~~
/usr/local/helics/include/helics/application_api/../core/SmallBuffer.hpp: In member function ‘void helics::SmallBuffer::append(const void*, const void*)’:
/usr/local/helics/include/helics/application_api/../core/SmallBuffer.hpp:213:50: error: ISO C++ forbids declaration of ‘type name’ with no type [-fpermissive]
  213 |         const auto* st1 = reinterpret_cast<const std::byte*>(start);
      |                                                  ^~~
/usr/local/helics/include/helics/application_api/../core/SmallBuffer.hpp:213:50: error: expected ‘>’
/usr/local/helics/include/helics/application_api/../core/SmallBuffer.hpp:213:50: error: expected ‘(’
/usr/local/helics/include/helics/application_api/../core/SmallBuffer.hpp:213:55: error: ‘byte’ is not a member of ‘std’
  213 |         const auto* st1 = reinterpret_cast<const std::byte*>(start);
      |                                                       ^~~~
/usr/local/helics/include/helics/application_api/../core/SmallBuffer.hpp:213:55: note: ‘std::byte’ is only available from C++17 onwards
/usr/local/helics/include/helics/application_api/../core/SmallBuffer.hpp:213:60: error: expected primary-expression before ‘>’ token
  213 |         const auto* st1 = reinterpret_cast<const std::byte*>(start);
      |                                                            ^
/usr/local/helics/include/helics/application_api/../core/SmallBuffer.hpp:213:68: error: expected ‘)’ before ‘;’ token
  213 |         const auto* st1 = reinterpret_cast<const std::byte*>(start);
      |                                                                    ^
/usr/local/helics/include/helics/application_api/../core/SmallBuffer.hpp:214:51: error: ISO C++ forbids declaration of ‘type name’ with no type [-fpermissive]
  214 |         const auto* end1 = reinterpret_cast<const std::byte*>(end);
      |                                                   ^~~
/usr/local/helics/include/helics/application_api/../core/SmallBuffer.hpp:214:51: error: expected ‘>’
/usr/local/helics/include/helics/application_api/../core/SmallBuffer.hpp:214:51: error: expected ‘(’
/usr/local/helics/include/helics/application_api/../core/SmallBuffer.hpp:214:56: error: ‘byte’ is not a member of ‘std’
  214 |         const auto* end1 = reinterpret_cast<const std::byte*>(end);
      |                                                        ^~~~
/usr/local/helics/include/helics/application_api/../core/SmallBuffer.hpp:214:56: note: ‘std::byte’ is only available from C++17 onwards
/usr/local/helics/include/helics/application_api/../core/SmallBuffer.hpp:214:61: error: expected primary-expression before ‘>’ token
  214 |         const auto* end1 = reinterpret_cast<const std::byte*>(end);
      |                                                             ^
/usr/local/helics/include/helics/application_api/../core/SmallBuffer.hpp:214:67: error: expected ‘)’ before ‘;’ token
  214 |         const auto* end1 = reinterpret_cast<const std::byte*>(end);
      |                                                                   ^
/usr/local/helics/include/helics/application_api/../core/SmallBuffer.hpp:215:22: error: ‘bufferSize’ was not declared in this scope
  215 |         auto csize = bufferSize;
      |                      ^~~~~~~~~~
/usr/local/helics/include/helics/application_api/../core/SmallBuffer.hpp:217:21: error: ‘heap’ was not declared in this scope
  217 |         std::memcpy(heap + csize, st1, end1 - st1);
      |                     ^~~~
/usr/local/helics/include/helics/application_api/../core/SmallBuffer.hpp: In member function ‘void helics::SmallBuffer::append(const void*, std::size_t)’:
/usr/local/helics/include/helics/application_api/../core/SmallBuffer.hpp:221:50: error: ISO C++ forbids declaration of ‘type name’ with no type [-fpermissive]
  221 |         const auto* st1 = reinterpret_cast<const std::byte*>(start);
      |                                                  ^~~
/usr/local/helics/include/helics/application_api/../core/SmallBuffer.hpp:221:50: error: expected ‘>’
/usr/local/helics/include/helics/application_api/../core/SmallBuffer.hpp:221:50: error: expected ‘(’
/usr/local/helics/include/helics/application_api/../core/SmallBuffer.hpp:221:55: error: ‘byte’ is not a member of ‘std’
  221 |         const auto* st1 = reinterpret_cast<const std::byte*>(start);
      |                                                       ^~~~
/usr/local/helics/include/helics/application_api/../core/SmallBuffer.hpp:221:55: note: ‘std::byte’ is only available from C++17 onwards
/usr/local/helics/include/helics/application_api/../core/SmallBuffer.hpp:221:60: error: expected primary-expression before ‘>’ token
  221 |         const auto* st1 = reinterpret_cast<const std::byte*>(start);
      |                                                            ^
/usr/local/helics/include/helics/application_api/../core/SmallBuffer.hpp:221:68: error: expected ‘)’ before ‘;’ token
  221 |         const auto* st1 = reinterpret_cast<const std::byte*>(start);
      |                                                                    ^
/usr/local/helics/include/helics/application_api/../core/SmallBuffer.hpp:222:22: error: ‘bufferSize’ was not declared in this scope
  222 |         auto csize = bufferSize;
      |                      ^~~~~~~~~~
/usr/local/helics/include/helics/application_api/../core/SmallBuffer.hpp:224:21: error: ‘heap’ was not declared in this scope
  224 |         std::memcpy(heap + csize, st1, size);
      |                     ^~~~
/usr/local/helics/include/helics/application_api/../core/SmallBuffer.hpp: In member function ‘void helics::SmallBuffer::append(int)’:
/usr/local/helics/include/helics/application_api/../core/SmallBuffer.hpp:228:50: error: ISO C++ forbids declaration of ‘type name’ with no type [-fpermissive]
  228 |         const auto* st1 = reinterpret_cast<const std::byte*>(data.data());
      |                                                  ^~~
/usr/local/helics/include/helics/application_api/../core/SmallBuffer.hpp:228:50: error: expected ‘>’
/usr/local/helics/include/helics/application_api/../core/SmallBuffer.hpp:228:50: error: expected ‘(’
/usr/local/helics/include/helics/application_api/../core/SmallBuffer.hpp:228:55: error: ‘byte’ is not a member of ‘std’
  228 |         const auto* st1 = reinterpret_cast<const std::byte*>(data.data());
      |                                                       ^~~~
/usr/local/helics/include/helics/application_api/../core/SmallBuffer.hpp:228:55: note: ‘std::byte’ is only available from C++17 onwards
/usr/local/helics/include/helics/application_api/../core/SmallBuffer.hpp:228:60: error: expected primary-expression before ‘>’ token
  228 |         const auto* st1 = reinterpret_cast<const std::byte*>(data.data());
      |                                                            ^
/usr/local/helics/include/helics/application_api/../core/SmallBuffer.hpp:228:67: error: request for member ‘data’ in ‘data’, which is of non-class type ‘int’
  228 |         const auto* st1 = reinterpret_cast<const std::byte*>(data.data());
      |                                                                   ^~~~
/usr/local/helics/include/helics/application_api/../core/SmallBuffer.hpp:228:74: error: expected ‘)’ before ‘;’ token
  228 |         const auto* st1 = reinterpret_cast<const std::byte*>(data.data());
      |                                                                          ^
/usr/local/helics/include/helics/application_api/../core/SmallBuffer.hpp:229:22: error: ‘bufferSize’ was not declared in this scope
  229 |         auto csize = bufferSize;
      |                      ^~~~~~~~~~
/usr/local/helics/include/helics/application_api/../core/SmallBuffer.hpp:230:34: error: request for member ‘size’ in ‘data’, which is of non-class type ‘int’
  230 |         resize(bufferSize + data.size());
      |                                  ^~~~
/usr/local/helics/include/helics/application_api/../core/SmallBuffer.hpp:231:21: error: ‘heap’ was not declared in this scope
  231 |         std::memcpy(heap + csize, st1, data.size());
      |                     ^~~~
/usr/local/helics/include/helics/application_api/../core/SmallBuffer.hpp:231:45: error: request for member ‘size’ in ‘data’, which is of non-class type ‘int’
  231 |         std::memcpy(heap + csize, st1, data.size());
      |                                             ^~~~
/usr/local/helics/include/helics/application_api/../core/SmallBuffer.hpp: In member function ‘void helics::SmallBuffer::pop_back()’:
/usr/local/helics/include/helics/application_api/../core/SmallBuffer.hpp:236:23: error: ‘bufferSize’ was not declared in this scope
  236 |     void pop_back() { bufferSize > 0 ? --bufferSize : 0; }
      |                       ^~~~~~~~~~
/usr/local/helics/include/helics/application_api/../core/SmallBuffer.hpp: In member function ‘void helics::SmallBuffer::null_terminate()’:
/usr/local/helics/include/helics/application_api/../core/SmallBuffer.hpp:246:13: error: ‘bufferCapacity’ was not declared in this scope
  246 |         if (bufferCapacity > bufferSize) {
      |             ^~~~~~~~~~~~~~
/usr/local/helics/include/helics/application_api/../core/SmallBuffer.hpp:246:30: error: ‘bufferSize’ was not declared in this scope
  246 |         if (bufferCapacity > bufferSize) {
      |                              ^~~~~~~~~~
/usr/local/helics/include/helics/application_api/../core/SmallBuffer.hpp:247:13: error: ‘heap’ was not declared in this scope
  247 |             heap[bufferSize] = std::byte(0);
      |             ^~~~
/usr/local/helics/include/helics/application_api/../core/SmallBuffer.hpp:247:37: error: ‘byte’ is not a member of ‘std’
  247 |             heap[bufferSize] = std::byte(0);
      |                                     ^~~~
/usr/local/helics/include/helics/application_api/../core/SmallBuffer.hpp:247:37: note: ‘std::byte’ is only available from C++17 onwards
/usr/local/helics/include/helics/application_api/../core/SmallBuffer.hpp: In member function ‘const char* helics::SmallBuffer::char_data() const’:
/usr/local/helics/include/helics/application_api/../core/SmallBuffer.hpp:254:74: error: ‘heap’ was not declared in this scope
  254 |     const char* char_data() const { return reinterpret_cast<const char*>(heap); }
      |                                                                          ^~~~
/usr/local/helics/include/helics/application_api/../core/SmallBuffer.hpp: In member function ‘void helics::SmallBuffer::moveAssign(void*, std::size_t, std::size_t)’:
/usr/local/helics/include/helics/application_api/../core/SmallBuffer.hpp:258:47: error: ‘byte’ in namespace ‘std’ does not name a type
  258 |         auto* newHeap = reinterpret_cast<std::byte*>(data);
      |                                               ^~~~
/usr/local/helics/include/helics/application_api/../core/SmallBuffer.hpp:258:42: note: ‘std::byte’ is only available from C++17 onwards
  258 |         auto* newHeap = reinterpret_cast<std::byte*>(data);
      |                                          ^~~
/usr/local/helics/include/helics/application_api/../core/SmallBuffer.hpp:258:51: error: expected ‘>’ before ‘*’ token
  258 |         auto* newHeap = reinterpret_cast<std::byte*>(data);
      |                                                   ^
/usr/local/helics/include/helics/application_api/../core/SmallBuffer.hpp:258:51: error: expected ‘(’ before ‘*’ token
/usr/local/helics/include/helics/application_api/../core/SmallBuffer.hpp:258:52: error: expected primary-expression before ‘>’ token
  258 |         auto* newHeap = reinterpret_cast<std::byte*>(data);
      |                                                    ^
/usr/local/helics/include/helics/application_api/../core/SmallBuffer.hpp:258:59: error: expected ‘)’ before ‘;’ token
  258 |         auto* newHeap = reinterpret_cast<std::byte*>(data);
      |                                                           ^
/usr/local/helics/include/helics/application_api/../core/SmallBuffer.hpp:259:13: error: ‘usingAllocatedBuffer’ was not declared in this scope
  259 |         if (usingAllocatedBuffer && !nonOwning) {
      |             ^~~~~~~~~~~~~~~~~~~~
/usr/local/helics/include/helics/application_api/../core/SmallBuffer.hpp:259:38: error: ‘nonOwning’ was not declared in this scope
  259 |         if (usingAllocatedBuffer && !nonOwning) {
      |                                      ^~~~~~~~~
/usr/local/helics/include/helics/application_api/../core/SmallBuffer.hpp:260:28: error: ‘heap’ was not declared in this scope
  260 |             if (newHeap != heap) {
      |                            ^~~~
/usr/local/helics/include/helics/application_api/../core/SmallBuffer.hpp:261:26: error: type ‘<type error>’ argument given to ‘delete’, expected pointer
  261 |                 delete[] heap;
      |                          ^~~~
/usr/local/helics/include/helics/application_api/../core/SmallBuffer.hpp:264:9: error: ‘heap’ was not declared in this scope
  264 |         heap = newHeap;
      |         ^~~~
/usr/local/helics/include/helics/application_api/../core/SmallBuffer.hpp:265:9: error: ‘bufferCapacity’ was not declared in this scope
  265 |         bufferCapacity = capacity;
      |         ^~~~~~~~~~~~~~
/usr/local/helics/include/helics/application_api/../core/SmallBuffer.hpp:266:9: error: ‘bufferSize’ was not declared in this scope
  266 |         bufferSize = size;
      |         ^~~~~~~~~~
/usr/local/helics/include/helics/application_api/../core/SmallBuffer.hpp:267:9: error: ‘nonOwning’ was not declared in this scope
  267 |         nonOwning = false;
      |         ^~~~~~~~~
/usr/local/helics/include/helics/application_api/../core/SmallBuffer.hpp:268:9: error: ‘usingAllocatedBuffer’ was not declared in this scope
  268 |         usingAllocatedBuffer = true;
      |         ^~~~~~~~~~~~~~~~~~~~
/usr/local/helics/include/helics/application_api/../core/SmallBuffer.hpp:269:9: error: ‘locked’ was not declared in this scope
  269 |         locked = false;
      |         ^~~~~~
/usr/local/helics/include/helics/application_api/../core/SmallBuffer.hpp: In member function ‘void helics::SmallBuffer::spanAssign(void*, std::size_t, std::size_t)’:
/usr/local/helics/include/helics/application_api/../core/SmallBuffer.hpp:274:47: error: ‘byte’ in namespace ‘std’ does not name a type
  274 |         auto* newHeap = reinterpret_cast<std::byte*>(data);
      |                                               ^~~~
/usr/local/helics/include/helics/application_api/../core/SmallBuffer.hpp:274:42: note: ‘std::byte’ is only available from C++17 onwards
  274 |         auto* newHeap = reinterpret_cast<std::byte*>(data);
      |                                          ^~~
/usr/local/helics/include/helics/application_api/../core/SmallBuffer.hpp:274:51: error: expected ‘>’ before ‘*’ token
  274 |         auto* newHeap = reinterpret_cast<std::byte*>(data);
      |                                                   ^
/usr/local/helics/include/helics/application_api/../core/SmallBuffer.hpp:274:51: error: expected ‘(’ before ‘*’ token
/usr/local/helics/include/helics/application_api/../core/SmallBuffer.hpp:274:52: error: expected primary-expression before ‘>’ token
  274 |         auto* newHeap = reinterpret_cast<std::byte*>(data);
      |                                                    ^
/usr/local/helics/include/helics/application_api/../core/SmallBuffer.hpp:274:59: error: expected ‘)’ before ‘;’ token
  274 |         auto* newHeap = reinterpret_cast<std::byte*>(data);
      |                                                           ^
/usr/local/helics/include/helics/application_api/../core/SmallBuffer.hpp:275:13: error: ‘usingAllocatedBuffer’ was not declared in this scope
  275 |         if (usingAllocatedBuffer && !nonOwning) {
      |             ^~~~~~~~~~~~~~~~~~~~
/usr/local/helics/include/helics/application_api/../core/SmallBuffer.hpp:275:38: error: ‘nonOwning’ was not declared in this scope
  275 |         if (usingAllocatedBuffer && !nonOwning) {
      |                                      ^~~~~~~~~
/usr/local/helics/include/helics/application_api/../core/SmallBuffer.hpp:276:28: error: ‘heap’ was not declared in this scope
  276 |             if (newHeap == heap) {
      |                            ^~~~
/usr/local/helics/include/helics/application_api/../core/SmallBuffer.hpp:279:17: error: ‘bufferSize’ was not declared in this scope
  279 |                 bufferSize = size;
      |                 ^~~~~~~~~~
/usr/local/helics/include/helics/application_api/../core/SmallBuffer.hpp:280:17: error: ‘bufferCapacity’ was not declared in this scope
  280 |                 bufferCapacity = capacity;
      |                 ^~~~~~~~~~~~~~
/usr/local/helics/include/helics/application_api/../core/SmallBuffer.hpp:283:22: error: ‘heap’ was not declared in this scope
  283 |             delete[] heap;
      |                      ^~~~
/usr/local/helics/include/helics/application_api/../core/SmallBuffer.hpp:285:9: error: ‘locked’ was not declared in this scope
  285 |         locked = false;
      |         ^~~~~~
/usr/local/helics/include/helics/application_api/../core/SmallBuffer.hpp:286:9: error: ‘heap’ was not declared in this scope
  286 |         heap = newHeap;
      |         ^~~~
/usr/local/helics/include/helics/application_api/../core/SmallBuffer.hpp:287:9: error: ‘bufferCapacity’ was not declared in this scope
  287 |         bufferCapacity = capacity;
      |         ^~~~~~~~~~~~~~
/usr/local/helics/include/helics/application_api/../core/SmallBuffer.hpp:288:9: error: ‘bufferSize’ was not declared in this scope
  288 |         bufferSize = size;
      |         ^~~~~~~~~~
/usr/local/helics/include/helics/application_api/../core/SmallBuffer.hpp:289:9: error: ‘nonOwning’ was not declared in this scope
  289 |         nonOwning = true;
      |         ^~~~~~~~~
/usr/local/helics/include/helics/application_api/../core/SmallBuffer.hpp:290:9: error: ‘usingAllocatedBuffer’ was not declared in this scope
  290 |         usingAllocatedBuffer = true;
      |         ^~~~~~~~~~~~~~~~~~~~
/usr/local/helics/include/helics/application_api/../core/SmallBuffer.hpp: In member function ‘void helics::SmallBuffer::resize(size_t)’:
/usr/local/helics/include/helics/application_api/../core/SmallBuffer.hpp:295:9: error: ‘bufferSize’ was not declared in this scope
  295 |         bufferSize = size;
      |         ^~~~~~~~~~
/usr/local/helics/include/helics/application_api/../core/SmallBuffer.hpp: In member function ‘void helics::SmallBuffer::resize(size_t, int)’:
/usr/local/helics/include/helics/application_api/../core/SmallBuffer.hpp:300:20: error: ‘bufferSize’ was not declared in this scope
  300 |         if (size > bufferSize) {
      |                    ^~~~~~~~~~
/usr/local/helics/include/helics/application_api/../core/SmallBuffer.hpp:301:25: error: ‘heap’ was not declared in this scope
  301 |             std::memset(heap + bufferSize, std::to_integer<int>(val), size - bufferSize);
      |                         ^~~~
/usr/local/helics/include/helics/application_api/../core/SmallBuffer.hpp:301:49: error: ‘to_integer’ is not a member of ‘std’
  301 |             std::memset(heap + bufferSize, std::to_integer<int>(val), size - bufferSize);
      |                                                 ^~~~~~~~~~
/usr/local/helics/include/helics/application_api/../core/SmallBuffer.hpp:301:60: error: expected primary-expression before ‘int’
  301 |             std::memset(heap + bufferSize, std::to_integer<int>(val), size - bufferSize);
      |                                                            ^~~
/usr/local/helics/include/helics/application_api/../core/SmallBuffer.hpp:303:9: error: ‘bufferSize’ was not declared in this scope
  303 |         bufferSize = size;
      |         ^~~~~~~~~~
/usr/local/helics/include/helics/application_api/../core/SmallBuffer.hpp: In member function ‘void helics::SmallBuffer::reserve(size_t)’:
/usr/local/helics/include/helics/application_api/../core/SmallBuffer.hpp:307:68: error: expected ‘:’ before '\x30303030'
  307 |         static constexpr size_t bigSize{sizeof(size_t) == 8 ? 0x010'0000'0000U : 0xFFFF'0000U};
      |                                                                    ^~~~~~
/usr/local/helics/include/helics/application_api/../core/SmallBuffer.hpp:307:74: error: expected ‘}’ before numeric constant
  307 |         static constexpr size_t bigSize{sizeof(size_t) == 8 ? 0x010'0000'0000U : 0xFFFF'0000U};
      |                                                                          ^~~~~
/usr/local/helics/include/helics/application_api/../core/SmallBuffer.hpp:307:40: note: to match this ‘{’
  307 |         static constexpr size_t bigSize{sizeof(size_t) == 8 ? 0x010'0000'0000U : 0xFFFF'0000U};
      |                                        ^
/usr/local/helics/include/helics/application_api/../core/SmallBuffer.hpp:307:74: error: expected ‘,’ or ‘;’ before numeric constant
  307 |         static constexpr size_t bigSize{sizeof(size_t) == 8 ? 0x010'0000'0000U : 0xFFFF'0000U};
      |                                                                          ^~~~~
In file included from /opt/rh/gcc-toolset-11/root/usr/include/c++/11/chrono:39,
                 from /usr/local/helics/include/helics/application_api/../core/../utilities/timeRepresentation.hpp:21,
                 from /usr/local/helics/include/helics/application_api/../core/helicsTime.hpp:10,
                 from /usr/local/helics/include/helics/application_api/../core/core-data.hpp:11,
                 from /usr/local/helics/include/helics/application_api/ValueFederate.hpp:9,
                 from /beegfs/users/lwilliamson/repos/uncc_root/uncc-corvid/corvid/scalability/gridpack/IEEE-118/powerflow_ex.cpp:6:
/opt/rh/gcc-toolset-11/root/usr/include/c++/11/ratio: At global scope:
/opt/rh/gcc-toolset-11/root/usr/include/c++/11/ratio:58:24: error: expected template-name before ‘<’ token
   58 |     : integral_constant<intmax_t, (_Pn < 0) ? -1 : 1>
      |                        ^
/opt/rh/gcc-toolset-11/root/usr/include/c++/11/ratio:58:24: error: expected ‘{’ before ‘<’ token
/opt/rh/gcc-toolset-11/root/usr/include/c++/11/ratio:63:24: error: expected template-name before ‘<’ token
   63 |     : integral_constant<intmax_t, _Pn * __static_sign<_Pn>::value>
      |                        ^
/opt/rh/gcc-toolset-11/root/usr/include/c++/11/ratio:63:24: error: expected ‘{’ before ‘<’ token
/opt/rh/gcc-toolset-11/root/usr/include/c++/11/ratio:73:24: error: expected template-name before ‘<’ token
   73 |     : integral_constant<intmax_t, __static_abs<_Pn>::value>
      |                        ^
/opt/rh/gcc-toolset-11/root/usr/include/c++/11/ratio:73:24: error: expected ‘{’ before ‘<’ token
/opt/rh/gcc-toolset-11/root/usr/include/c++/11/ratio:78:24: error: expected template-name before ‘<’ token
   78 |     : integral_constant<intmax_t, __static_abs<_Qn>::value>
      |                        ^
/opt/rh/gcc-toolset-11/root/usr/include/c++/11/ratio:78:24: error: expected ‘{’ before ‘<’ token
/opt/rh/gcc-toolset-11/root/usr/include/c++/11/ratio:116:24: error: expected template-name before ‘<’ token
  116 |     : integral_constant<bool, (__hi1 < __hi2
      |                        ^
/opt/rh/gcc-toolset-11/root/usr/include/c++/11/ratio:116:24: error: expected ‘{’ before ‘<’ token
/opt/rh/gcc-toolset-11/root/usr/include/c++/11/ratio:352:24: error: expected template-name before ‘<’ token
  352 |     : integral_constant<bool, _R1::num == _R2::num && _R1::den == _R2::den>
      |                        ^
/opt/rh/gcc-toolset-11/root/usr/include/c++/11/ratio:352:24: error: expected ‘{’ before ‘<’ token
/opt/rh/gcc-toolset-11/root/usr/include/c++/11/ratio:358:24: error: expected template-name before ‘<’ token
  358 |     : integral_constant<bool, !ratio_equal<_R1, _R2>::value>
      |                        ^
/opt/rh/gcc-toolset-11/root/usr/include/c++/11/ratio:358:24: error: expected ‘{’ before ‘<’ token
/opt/rh/gcc-toolset-11/root/usr/include/c++/11/ratio:368:24: error: expected template-name before ‘<’ token
  368 |     : integral_constant<bool, __big_less<_Left::__hi, _Left::__lo,
      |                        ^
/opt/rh/gcc-toolset-11/root/usr/include/c++/11/ratio:368:24: error: expected ‘{’ before ‘<’ token
/opt/rh/gcc-toolset-11/root/usr/include/c++/11/ratio:384:24: error: expected template-name before ‘<’ token
  384 |     : integral_constant<bool, _R1::num < _R2::num>
      |                        ^
/opt/rh/gcc-toolset-11/root/usr/include/c++/11/ratio:384:24: error: expected ‘{’ before ‘<’ token
/opt/rh/gcc-toolset-11/root/usr/include/c++/11/ratio:404:24: error: expected template-name before ‘<’ token
  404 |     : integral_constant<bool, !ratio_less<_R2, _R1>::value>
      |                        ^
/opt/rh/gcc-toolset-11/root/usr/include/c++/11/ratio:404:24: error: expected ‘{’ before ‘<’ token
/opt/rh/gcc-toolset-11/root/usr/include/c++/11/ratio:410:24: error: expected template-name before ‘<’ token
  410 |     : integral_constant<bool, ratio_less<_R2, _R1>::value>
      |                        ^
/opt/rh/gcc-toolset-11/root/usr/include/c++/11/ratio:410:24: error: expected ‘{’ before ‘<’ token
/opt/rh/gcc-toolset-11/root/usr/include/c++/11/ratio:416:24: error: expected template-name before ‘<’ token
  416 |     : integral_constant<bool, !ratio_less<_R1, _R2>::value>
      |                        ^
/opt/rh/gcc-toolset-11/root/usr/include/c++/11/ratio:416:24: error: expected ‘{’ before ‘<’ token
In file included from /usr/local/helics/include/helics/application_api/../core/../utilities/timeRepresentation.hpp:21,
                 from /usr/local/helics/include/helics/application_api/../core/helicsTime.hpp:10,
                 from /usr/local/helics/include/helics/application_api/../core/core-data.hpp:11,
                 from /usr/local/helics/include/helics/application_api/ValueFederate.hpp:9,
                 from /beegfs/users/lwilliamson/repos/uncc_root/uncc-corvid/corvid/scalability/gridpack/IEEE-118/powerflow_ex.cpp:6:
/opt/rh/gcc-toolset-11/root/usr/include/c++/11/chrono:98:35: error: ‘__void_t’ was not declared in this scope; did you mean ‘std::__void_t’?
   98 |                                   __void_t<typename _CT::type>>
      |                                   ^~~~~~~~
      |                                   std::__void_t
In file included from /opt/rh/gcc-toolset-11/root/usr/include/c++/11/bits/move.h:57,
                 from /opt/rh/gcc-toolset-11/root/usr/include/c++/11/bits/nested_exception.h:40,
                 from /opt/rh/gcc-toolset-11/root/usr/include/c++/11/exception:154,
                 from /opt/rh/gcc-toolset-11/root/usr/include/c++/11/ios:39,
                 from /opt/rh/gcc-toolset-11/root/usr/include/c++/11/ostream:38,
                 from /opt/rh/gcc-toolset-11/root/usr/include/c++/11/iostream:39,
                 from /beegfs/users/lwilliamson/repos/uncc_root/uncc-corvid/corvid/scalability/gridpack/IEEE-118/powerflow_ex.cpp:1:
/opt/rh/gcc-toolset-11/root/usr/include/c++/11/type_traits:664:31: note: ‘std::__void_t’ declared here
  664 |   template<typename...> using __void_t = void;
      |                               ^~~~~~~~
In file included from /usr/local/helics/include/helics/application_api/../core/../utilities/timeRepresentation.hpp:21,
                 from /usr/local/helics/include/helics/application_api/../core/helicsTime.hpp:10,
                 from /usr/local/helics/include/helics/application_api/../core/core-data.hpp:11,
                 from /usr/local/helics/include/helics/application_api/ValueFederate.hpp:9,
                 from /beegfs/users/lwilliamson/repos/uncc_root/uncc-corvid/corvid/scalability/gridpack/IEEE-118/powerflow_ex.cpp:6:
/opt/rh/gcc-toolset-11/root/usr/include/c++/11/chrono:98:58: error: template argument 4 is invalid
   98 |                                   __void_t<typename _CT::type>>
      |                                                          ^~~~
/opt/rh/gcc-toolset-11/root/usr/include/c++/11/chrono:98:62: error: expected unqualified-id before ‘>’ token
   98 |                                   __void_t<typename _CT::type>>
      |                                                              ^~
/opt/rh/gcc-toolset-11/root/usr/include/c++/11/chrono:118:12: error: ‘common_type’ is not a class template
  118 |     struct common_type<chrono::duration<_Rep1, _Period1>,
      |            ^~~~~~~~~~~
/opt/rh/gcc-toolset-11/root/usr/include/c++/11/chrono:120:54: error: wrong number of template arguments (2, should be 4)
  120 |     : __duration_common_type<common_type<_Rep1, _Rep2>,
      |                                                      ^
/opt/rh/gcc-toolset-11/root/usr/include/c++/11/chrono:119:56: note: provided for ‘template<class _Rep1, class _Period1, class _Rep2, class _Period2> struct helics::std::common_type’
  119 |                        chrono::duration<_Rep2, _Period2>>
      |                                                        ^~
/opt/rh/gcc-toolset-11/root/usr/include/c++/11/chrono:122:53: error: template argument 1 is invalid
  122 |                              typename _Period2::type>
      |                                                     ^
/opt/rh/gcc-toolset-11/root/usr/include/c++/11/chrono:128:54: error: wrong number of template arguments (2, should be 4)
  128 |                        chrono::duration<_Rep, _Period>>
      |                                                      ^~
/opt/rh/gcc-toolset-11/root/usr/include/c++/11/chrono:119:56: note: provided for ‘template<class _Rep1, class _Period1, class _Rep2, class _Period2> struct helics::std::common_type’
  119 |                        chrono::duration<_Rep2, _Period2>>
      |                                                        ^~
/opt/rh/gcc-toolset-11/root/usr/include/c++/11/chrono:136:54: error: wrong number of template arguments (1, should be 4)
  136 |     struct common_type<chrono::duration<_Rep, _Period>>
      |                                                      ^~
/opt/rh/gcc-toolset-11/root/usr/include/c++/11/chrono:119:56: note: provided for ‘template<class _Rep1, class _Period1, class _Rep2, class _Period2> struct helics::std::common_type’
  119 |                        chrono::duration<_Rep2, _Period2>>
      |                                                        ^~
/opt/rh/gcc-toolset-11/root/usr/include/c++/11/chrono:152:49: error: ‘__void_t’ was not declared in this scope; did you mean ‘std::__void_t’?
  152 |     struct __timepoint_common_type<_CT, _Clock, __void_t<typename _CT::type>>
      |                                                 ^~~~~~~~
      |                                                 std::__void_t
In file included from /opt/rh/gcc-toolset-11/root/usr/include/c++/11/bits/move.h:57,
                 from /opt/rh/gcc-toolset-11/root/usr/include/c++/11/bits/nested_exception.h:40,
                 from /opt/rh/gcc-toolset-11/root/usr/include/c++/11/exception:154,
                 from /opt/rh/gcc-toolset-11/root/usr/include/c++/11/ios:39,
                 from /opt/rh/gcc-toolset-11/root/usr/include/c++/11/ostream:38,
                 from /opt/rh/gcc-toolset-11/root/usr/include/c++/11/iostream:39,
                 from /beegfs/users/lwilliamson/repos/uncc_root/uncc-corvid/corvid/scalability/gridpack/IEEE-118/powerflow_ex.cpp:1:
/opt/rh/gcc-toolset-11/root/usr/include/c++/11/type_traits:664:31: note: ‘std::__void_t’ declared here
  664 |   template<typename...> using __void_t = void;
      |                               ^~~~~~~~
In file included from /usr/local/helics/include/helics/application_api/../core/../utilities/timeRepresentation.hpp:21,
                 from /usr/local/helics/include/helics/application_api/../core/helicsTime.hpp:10,
                 from /usr/local/helics/include/helics/application_api/../core/core-data.hpp:11,
                 from /usr/local/helics/include/helics/application_api/ValueFederate.hpp:9,
                 from /beegfs/users/lwilliamson/repos/uncc_root/uncc-corvid/corvid/scalability/gridpack/IEEE-118/powerflow_ex.cpp:6:
/opt/rh/gcc-toolset-11/root/usr/include/c++/11/chrono:152:72: error: template argument 3 is invalid
  152 |     struct __timepoint_common_type<_CT, _Clock, __void_t<typename _CT::type>>
      |                                                                        ^~~~
/opt/rh/gcc-toolset-11/root/usr/include/c++/11/chrono:152:76: error: expected unqualified-id before ‘>’ token
  152 |     struct __timepoint_common_type<_CT, _Clock, __void_t<typename _CT::type>>
      |                                                                            ^~
/opt/rh/gcc-toolset-11/root/usr/include/c++/11/chrono:165:61: error: wrong number of template arguments (2, should be 4)
  165 |                        chrono::time_point<_Clock, _Duration2>>
      |                                                             ^~
/opt/rh/gcc-toolset-11/root/usr/include/c++/11/chrono:119:56: note: provided for ‘template<class _Rep1, class _Period1, class _Rep2, class _Period2> struct helics::std::common_type’
  119 |                        chrono::duration<_Rep2, _Period2>>
      |                                                        ^~
/opt/rh/gcc-toolset-11/root/usr/include/c++/11/chrono:166:65: error: wrong number of template arguments (2, should be 4)
  166 |     : __timepoint_common_type<common_type<_Duration1, _Duration2>, _Clock>
      |                                                                 ^
/opt/rh/gcc-toolset-11/root/usr/include/c++/11/chrono:119:56: note: provided for ‘template<class _Rep1, class _Period1, class _Rep2, class _Period2> struct helics::std::common_type’
  119 |                        chrono::duration<_Rep2, _Period2>>
      |                                                        ^~
/opt/rh/gcc-toolset-11/root/usr/include/c++/11/chrono:166:74: error: template argument 1 is invalid
  166 |     : __timepoint_common_type<common_type<_Duration1, _Duration2>, _Clock>
      |                                                                          ^
/opt/rh/gcc-toolset-11/root/usr/include/c++/11/chrono:172:60: error: wrong number of template arguments (2, should be 4)
  172 |                        chrono::time_point<_Clock, _Duration>>
      |                                                            ^~
/opt/rh/gcc-toolset-11/root/usr/include/c++/11/chrono:119:56: note: provided for ‘template<class _Rep1, class _Period1, class _Rep2, class _Period2> struct helics::std::common_type’
  119 |                        chrono::duration<_Rep2, _Period2>>
      |                                                        ^~
/opt/rh/gcc-toolset-11/root/usr/include/c++/11/chrono:177:60: error: wrong number of template arguments (1, should be 4)
  177 |     struct common_type<chrono::time_point<_Clock, _Duration>>
      |                                                            ^~
/opt/rh/gcc-toolset-11/root/usr/include/c++/11/chrono:119:56: note: provided for ‘template<class _Rep1, class _Period1, class _Rep2, class _Period2> struct helics::std::common_type’
  119 |                        chrono::duration<_Rep2, _Period2>>
      |                                                        ^~
/opt/rh/gcc-toolset-11/root/usr/include/c++/11/chrono:247:7: error: expected class-name before ‘{’ token
  247 |       { };
      |       ^
/opt/rh/gcc-toolset-11/root/usr/include/c++/11/chrono:252:7: error: expected class-name before ‘{’ token
  252 |       { };
      |       ^
/opt/rh/gcc-toolset-11/root/usr/include/c++/11/chrono:256:20: error: expected nested-name-specifier before ‘enable_if’
  256 |         = typename enable_if<__is_duration<_Tp>::value, _Tp>::type;
      |                    ^~~~~~~~~
/opt/rh/gcc-toolset-11/root/usr/include/c++/11/chrono:260:20: error: expected nested-name-specifier before ‘enable_if’
  260 |         = typename enable_if<!__is_duration<_Tp>::value, _Tp>::type;
      |                    ^~~~~~~~~
/opt/rh/gcc-toolset-11/root/usr/include/c++/11/chrono:266:17: error: ‘__enable_if_is_duration’ does not name a type
  266 |       constexpr __enable_if_is_duration<_ToDur>
      |                 ^~~~~~~~~~~~~~~~~~~~~~~
/opt/rh/gcc-toolset-11/root/usr/include/c++/11/chrono:282:26: error: expected template-name before ‘<’ token
  282 |       : is_floating_point<_Rep>
      |                          ^
/opt/rh/gcc-toolset-11/root/usr/include/c++/11/chrono:282:26: error: expected ‘{’ before ‘<’ token
/opt/rh/gcc-toolset-11/root/usr/include/c++/11/chrono: In function ‘constexpr _ToDur helics::std::chrono::__detail::ceil(const helics::std::chrono::duration<_Rep, _Period>&)’:
/opt/rh/gcc-toolset-11/root/usr/include/c++/11/chrono:422:48: error: ‘duration_cast’ is not a member of ‘helics::std::chrono’; did you mean ‘duration’?
  422 |           return __detail::__ceil_impl(chrono::duration_cast<_ToDur>(__d), __d);
      |                                                ^~~~~~~~~~~~~
      |                                                duration
/opt/rh/gcc-toolset-11/root/usr/include/c++/11/chrono:422:68: error: expected primary-expression before ‘>’ token
  422 |           return __detail::__ceil_impl(chrono::duration_cast<_ToDur>(__d), __d);
      |                                                                    ^
/opt/rh/gcc-toolset-11/root/usr/include/c++/11/chrono: At global scope:
/opt/rh/gcc-toolset-11/root/usr/include/c++/11/chrono:449:7: error: expected class-name before ‘{’ token
  449 |       { };
      |       ^
/opt/rh/gcc-toolset-11/root/usr/include/c++/11/chrono:454:7: error: expected class-name before ‘{’ token
  454 |       { };
      |       ^
/opt/rh/gcc-toolset-11/root/usr/include/c++/11/chrono:499:15: error: ‘__bool_constant’ does not name a type
  499 |             = __bool_constant<__divide<_Period2, _Period>::den == 1>;
      |               ^~~~~~~~~~~~~~~
/opt/rh/gcc-toolset-11/root/usr/include/c++/11/chrono:518:45: error: ‘_Require’ does not name a type
  518 |         template<typename _Rep2, typename = _Require<
      |                                             ^~~~~~~~
/opt/rh/gcc-toolset-11/root/usr/include/c++/11/chrono:518:53: error: expected ‘>’ before ‘<’ token
  518 |         template<typename _Rep2, typename = _Require<
      |                                                     ^
/opt/rh/gcc-toolset-11/root/usr/include/c++/11/chrono:524:64: error: ‘_Require’ does not name a type
  524 |         template<typename _Rep2, typename _Period2, typename = _Require<
      |                                                                ^~~~~~~~
/opt/rh/gcc-toolset-11/root/usr/include/c++/11/chrono:524:72: error: expected ‘>’ before ‘<’ token
  524 |         template<typename _Rep2, typename _Period2, typename = _Require<
      |                                                                        ^
/opt/rh/gcc-toolset-11/root/usr/include/c++/11/chrono:542:52: error: wrong number of template arguments (1, should be 4)
  542 |         constexpr duration<typename common_type<rep>::type, period>
      |                                                    ^
/opt/rh/gcc-toolset-11/root/usr/include/c++/11/chrono:119:56: note: provided for ‘template<class _Rep1, class _Period1, class _Rep2, class _Period2> struct helics::std::common_type’
  119 |                        chrono::duration<_Rep2, _Period2>>
      |                                                        ^~
/opt/rh/gcc-toolset-11/root/usr/include/c++/11/chrono:542:67: error: template argument 1 is invalid
  542 |         constexpr duration<typename common_type<rep>::type, period>
      |                                                                   ^
/opt/rh/gcc-toolset-11/root/usr/include/c++/11/chrono:546:52: error: wrong number of template arguments (1, should be 4)
  546 |         constexpr duration<typename common_type<rep>::type, period>
      |                                                    ^
/opt/rh/gcc-toolset-11/root/usr/include/c++/11/chrono:119:56: note: provided for ‘template<class _Rep1, class _Period1, class _Rep2, class _Period2> struct helics::std::common_type’
  119 |                        chrono::duration<_Rep2, _Period2>>
      |                                                        ^~
/opt/rh/gcc-toolset-11/root/usr/include/c++/11/chrono:546:67: error: template argument 1 is invalid
  546 |         constexpr duration<typename common_type<rep>::type, period>
      |                                                                   ^
/opt/rh/gcc-toolset-11/root/usr/include/c++/11/chrono:603:20: error: expected nested-name-specifier before ‘enable_if’
  603 |           typename enable_if<!treat_as_floating_point<_Rep2>::value,
      |                    ^~~~~~~~~
/opt/rh/gcc-toolset-11/root/usr/include/c++/11/chrono:603:29: error: expected initializer before ‘<’ token
  603 |           typename enable_if<!treat_as_floating_point<_Rep2>::value,
      |                             ^
/opt/rh/gcc-toolset-11/root/usr/include/c++/11/chrono:613:20: error: expected nested-name-specifier before ‘enable_if’
  613 |           typename enable_if<!treat_as_floating_point<_Rep2>::value,
      |                    ^~~~~~~~~
/opt/rh/gcc-toolset-11/root/usr/include/c++/11/chrono:613:29: error: expected initializer before ‘<’ token
  613 |           typename enable_if<!treat_as_floating_point<_Rep2>::value,
      |                             ^
/opt/rh/gcc-toolset-11/root/usr/include/c++/11/chrono: In constructor ‘constexpr helics::std::chrono::duration<_Rep, _Period>::duration(const helics::std::chrono::duration<_Rep, _Period>&)’:
/opt/rh/gcc-toolset-11/root/usr/include/c++/11/chrono:530:17: error: ‘duration_cast’ was not declared in this scope; did you mean ‘duration’?
  530 |           : __r(duration_cast<duration>(__d).count()) { }
      |                 ^~~~~~~~~~~~~
      |                 duration
/opt/rh/gcc-toolset-11/root/usr/include/c++/11/chrono:530:39: error: expected primary-expression before ‘>’ token
  530 |           : __r(duration_cast<duration>(__d).count()) { }
      |                                       ^
/opt/rh/gcc-toolset-11/root/usr/include/c++/11/chrono: In member function ‘constexpr int helics::std::chrono::duration<_Rep, _Period>::operator+() const’:
/opt/rh/gcc-toolset-11/root/usr/include/c++/11/chrono:544:51: error: wrong number of template arguments (1, should be 4)
  544 |         { return duration<typename common_type<rep>::type, period>(__r); }
      |                                                   ^
/opt/rh/gcc-toolset-11/root/usr/include/c++/11/chrono:119:56: note: provided for ‘template<class _Rep1, class _Period1, class _Rep2, class _Period2> struct helics::std::common_type’
  119 |                        chrono::duration<_Rep2, _Period2>>
      |                                                        ^~
/opt/rh/gcc-toolset-11/root/usr/include/c++/11/chrono:544:66: error: template argument 1 is invalid
  544 |         { return duration<typename common_type<rep>::type, period>(__r); }
      |                                                                  ^
/opt/rh/gcc-toolset-11/root/usr/include/c++/11/chrono: In member function ‘constexpr int helics::std::chrono::duration<_Rep, _Period>::operator-() const’:
/opt/rh/gcc-toolset-11/root/usr/include/c++/11/chrono:548:51: error: wrong number of template arguments (1, should be 4)
  548 |         { return duration<typename common_type<rep>::type, period>(-__r); }
      |                                                   ^
/opt/rh/gcc-toolset-11/root/usr/include/c++/11/chrono:119:56: note: provided for ‘template<class _Rep1, class _Period1, class _Rep2, class _Period2> struct helics::std::common_type’
  119 |                        chrono::duration<_Rep2, _Period2>>
      |                                                        ^~
/opt/rh/gcc-toolset-11/root/usr/include/c++/11/chrono:548:66: error: template argument 1 is invalid
  548 |         { return duration<typename common_type<rep>::type, period>(-__r); }
      |                                                                  ^
/opt/rh/gcc-toolset-11/root/usr/include/c++/11/chrono: At global scope:
/opt/rh/gcc-toolset-11/root/usr/include/c++/11/chrono:645:62: error: wrong number of template arguments (2, should be 4)
  645 |                                      duration<_Rep2, _Period2>>::type
      |                                                              ^~
/opt/rh/gcc-toolset-11/root/usr/include/c++/11/chrono:119:56: note: provided for ‘template<class _Rep1, class _Period1, class _Rep2, class _Period2> struct helics::std::common_type’
  119 |                        chrono::duration<_Rep2, _Period2>>
      |                                                        ^~
/opt/rh/gcc-toolset-11/root/usr/include/c++/11/chrono: In function ‘constexpr int helics::std::chrono::operator+(const helics::std::chrono::duration<_Rep1, _Period1>&, const helics::std::chrono::duration<_Rep2, _Period2>&)’:
/opt/rh/gcc-toolset-11/root/usr/include/c++/11/chrono:651:51: error: wrong number of template arguments (2, should be 4)
  651 |         typedef typename common_type<__dur1,__dur2>::type       __cd;
      |                                                   ^
/opt/rh/gcc-toolset-11/root/usr/include/c++/11/chrono:119:56: note: provided for ‘template<class _Rep1, class _Period1, class _Rep2, class _Period2> struct helics::std::common_type’
  119 |                        chrono::duration<_Rep2, _Period2>>
      |                                                        ^~
/opt/rh/gcc-toolset-11/root/usr/include/c++/11/chrono:652:33: error: request for member ‘count’ in ‘(__cd)(__lhs)’, which is of non-class type ‘__cd’ {aka ‘int’}
  652 |         return __cd(__cd(__lhs).count() + __cd(__rhs).count());
      |                                 ^~~~~
/opt/rh/gcc-toolset-11/root/usr/include/c++/11/chrono:652:55: error: request for member ‘count’ in ‘(__cd)(__rhs)’, which is of non-class type ‘__cd’ {aka ‘int’}
  652 |         return __cd(__cd(__lhs).count() + __cd(__rhs).count());
      |                                                       ^~~~~
/opt/rh/gcc-toolset-11/root/usr/include/c++/11/chrono: At global scope:
/opt/rh/gcc-toolset-11/root/usr/include/c++/11/chrono:659:62: error: wrong number of template arguments (2, should be 4)
  659 |                                      duration<_Rep2, _Period2>>::type
      |                                                              ^~
/opt/rh/gcc-toolset-11/root/usr/include/c++/11/chrono:119:56: note: provided for ‘template<class _Rep1, class _Period1, class _Rep2, class _Period2> struct helics::std::common_type’
  119 |                        chrono::duration<_Rep2, _Period2>>
      |                                                        ^~
/opt/rh/gcc-toolset-11/root/usr/include/c++/11/chrono: In function ‘constexpr int helics::std::chrono::operator-(const helics::std::chrono::duration<_Rep1, _Period1>&, const helics::std::chrono::duration<_Rep2, _Period2>&)’:
/opt/rh/gcc-toolset-11/root/usr/include/c++/11/chrono:665:51: error: wrong number of template arguments (2, should be 4)
  665 |         typedef typename common_type<__dur1,__dur2>::type       __cd;
      |                                                   ^
/opt/rh/gcc-toolset-11/root/usr/include/c++/11/chrono:119:56: note: provided for ‘template<class _Rep1, class _Period1, class _Rep2, class _Period2> struct helics::std::common_type’
  119 |                        chrono::duration<_Rep2, _Period2>>
      |                                                        ^~
/opt/rh/gcc-toolset-11/root/usr/include/c++/11/chrono:666:33: error: request for member ‘count’ in ‘(__cd)(__lhs)’, which is of non-class type ‘__cd’ {aka ‘int’}
  666 |         return __cd(__cd(__lhs).count() - __cd(__rhs).count());
      |                                 ^~~~~
/opt/rh/gcc-toolset-11/root/usr/include/c++/11/chrono:666:55: error: request for member ‘count’ in ‘(__cd)(__rhs)’, which is of non-class type ‘__cd’ {aka ‘int’}
  666 |         return __cd(__cd(__lhs).count() - __cd(__rhs).count());
      |                                                       ^~~~~
/opt/rh/gcc-toolset-11/root/usr/include/c++/11/chrono: At global scope:
/opt/rh/gcc-toolset-11/root/usr/include/c++/11/chrono:678:64: error: wrong number of template arguments (2, should be 4)
  678 |              typename _CRep = typename common_type<_Rep1, _Rep2>::type>
      |                                                                ^
/opt/rh/gcc-toolset-11/root/usr/include/c++/11/chrono:119:56: note: provided for ‘template<class _Rep1, class _Period1, class _Rep2, class _Period2> struct helics::std::common_type’
  119 |                        chrono::duration<_Rep2, _Period2>>
      |                                                        ^~
/opt/rh/gcc-toolset-11/root/usr/include/c++/11/chrono:680:9: error: expected nested-name-specifier before ‘enable_if’
  680 |         enable_if<is_convertible<const _Rep2&, _CRep>::value, _CRep>::type;
      |         ^~~~~~~~~
/opt/rh/gcc-toolset-11/root/usr/include/c++/11/chrono:690:26: error: ‘__common_rep_t’ was not declared in this scope
  690 |       constexpr duration<__common_rep_t<_Rep1, _Rep2>, _Period>
      |                          ^~~~~~~~~~~~~~
/opt/rh/gcc-toolset-11/root/usr/include/c++/11/chrono:690:53: error: template argument 1 is invalid
  690 |       constexpr duration<__common_rep_t<_Rep1, _Rep2>, _Period>
      |                                                     ^
/opt/rh/gcc-toolset-11/root/usr/include/c++/11/chrono:690:54: error: expected unqualified-id before ‘,’ token
  690 |       constexpr duration<__common_rep_t<_Rep1, _Rep2>, _Period>
      |                                                      ^
/opt/rh/gcc-toolset-11/root/usr/include/c++/11/chrono:699:26: error: ‘__common_rep_t’ was not declared in this scope
  699 |       constexpr duration<__common_rep_t<_Rep2, _Rep1>, _Period>
      |                          ^~~~~~~~~~~~~~
/opt/rh/gcc-toolset-11/root/usr/include/c++/11/chrono:699:53: error: template argument 1 is invalid
  699 |       constexpr duration<__common_rep_t<_Rep2, _Rep1>, _Period>
      |                                                     ^
/opt/rh/gcc-toolset-11/root/usr/include/c++/11/chrono:699:54: error: expected unqualified-id before ‘,’ token
  699 |       constexpr duration<__common_rep_t<_Rep2, _Rep1>, _Period>
      |                                                      ^
/opt/rh/gcc-toolset-11/root/usr/include/c++/11/chrono:705:16: error: ‘__common_rep_t’ was not declared in this scope
  705 |       duration<__common_rep_t<_Rep1, __disable_if_is_duration<_Rep2>>, _Period>
      |                ^~~~~~~~~~~~~~
/opt/rh/gcc-toolset-11/root/usr/include/c++/11/chrono:705:38: error: ‘__disable_if_is_duration’ was not declared in this scope
  705 |       duration<__common_rep_t<_Rep1, __disable_if_is_duration<_Rep2>>, _Period>
      |                                      ^~~~~~~~~~~~~~~~~~~~~~~~
/opt/rh/gcc-toolset-11/root/usr/include/c++/11/chrono:705:68: error: template argument 1 is invalid
  705 |       duration<__common_rep_t<_Rep1, __disable_if_is_duration<_Rep2>>, _Period>
      |                                                                    ^~
/opt/rh/gcc-toolset-11/root/usr/include/c++/11/chrono:705:68: error: template argument 2 is invalid
/opt/rh/gcc-toolset-11/root/usr/include/c++/11/chrono:705:70: error: expected unqualified-id before ‘,’ token
  705 |       duration<__common_rep_t<_Rep1, __disable_if_is_duration<_Rep2>>, _Period>
      |                                                                      ^
/opt/rh/gcc-toolset-11/root/usr/include/c++/11/chrono:715:50: error: wrong number of template arguments (2, should be 4)
  715 |       constexpr typename common_type<_Rep1, _Rep2>::type
      |                                                  ^
/opt/rh/gcc-toolset-11/root/usr/include/c++/11/chrono:119:56: note: provided for ‘template<class _Rep1, class _Period1, class _Rep2, class _Period2> struct helics::std::common_type’
  119 |                        chrono::duration<_Rep2, _Period2>>
      |                                                        ^~
/opt/rh/gcc-toolset-11/root/usr/include/c++/11/chrono: In function ‘constexpr int helics::std::chrono::operator/(const helics::std::chrono::duration<_Rep1, _Period1>&, const helics::std::chrono::duration<_Rep2, _Period2>&)’:
/opt/rh/gcc-toolset-11/root/usr/include/c++/11/chrono:721:51: error: wrong number of template arguments (2, should be 4)
  721 |         typedef typename common_type<__dur1,__dur2>::type       __cd;
      |                                                   ^
/opt/rh/gcc-toolset-11/root/usr/include/c++/11/chrono:119:56: note: provided for ‘template<class _Rep1, class _Period1, class _Rep2, class _Period2> struct helics::std::common_type’
  119 |                        chrono::duration<_Rep2, _Period2>>
      |                                                        ^~
/opt/rh/gcc-toolset-11/root/usr/include/c++/11/chrono:722:28: error: request for member ‘count’ in ‘(__cd)(__lhs)’, which is of non-class type ‘__cd’ {aka ‘int’}
  722 |         return __cd(__lhs).count() / __cd(__rhs).count();
      |                            ^~~~~
/opt/rh/gcc-toolset-11/root/usr/include/c++/11/chrono:722:50: error: request for member ‘count’ in ‘(__cd)(__rhs)’, which is of non-class type ‘__cd’ {aka ‘int’}
  722 |         return __cd(__lhs).count() / __cd(__rhs).count();
      |                                                  ^~~~~
/opt/rh/gcc-toolset-11/root/usr/include/c++/11/chrono: At global scope:
/opt/rh/gcc-toolset-11/root/usr/include/c++/11/chrono:728:16: error: ‘__common_rep_t’ was not declared in this scope
  728 |       duration<__common_rep_t<_Rep1, __disable_if_is_duration<_Rep2>>, _Period>
      |                ^~~~~~~~~~~~~~
/opt/rh/gcc-toolset-11/root/usr/include/c++/11/chrono:728:38: error: ‘__disable_if_is_duration’ was not declared in this scope
  728 |       duration<__common_rep_t<_Rep1, __disable_if_is_duration<_Rep2>>, _Period>
      |                                      ^~~~~~~~~~~~~~~~~~~~~~~~
/opt/rh/gcc-toolset-11/root/usr/include/c++/11/chrono:728:68: error: template argument 1 is invalid
  728 |       duration<__common_rep_t<_Rep1, __disable_if_is_duration<_Rep2>>, _Period>
      |                                                                    ^~
/opt/rh/gcc-toolset-11/root/usr/include/c++/11/chrono:728:68: error: template argument 2 is invalid
/opt/rh/gcc-toolset-11/root/usr/include/c++/11/chrono:728:70: error: expected unqualified-id before ‘,’ token
  728 |       duration<__common_rep_t<_Rep1, __disable_if_is_duration<_Rep2>>, _Period>
      |                                                                      ^
/opt/rh/gcc-toolset-11/root/usr/include/c++/11/chrono:739:62: error: wrong number of template arguments (2, should be 4)
  739 |                                      duration<_Rep2, _Period2>>::type
      |                                                              ^~
/opt/rh/gcc-toolset-11/root/usr/include/c++/11/chrono:119:56: note: provided for ‘template<class _Rep1, class _Period1, class _Rep2, class _Period2> struct helics::std::common_type’
  119 |                        chrono::duration<_Rep2, _Period2>>
      |                                                        ^~
/opt/rh/gcc-toolset-11/root/usr/include/c++/11/chrono: In function ‘constexpr int helics::std::chrono::operator%(const helics::std::chrono::duration<_Rep1, _Period1>&, const helics::std::chrono::duration<_Rep2, _Period2>&)’:
/opt/rh/gcc-toolset-11/root/usr/include/c++/11/chrono:745:51: error: wrong number of template arguments (2, should be 4)
  745 |         typedef typename common_type<__dur1,__dur2>::type       __cd;
      |                                                   ^
/opt/rh/gcc-toolset-11/root/usr/include/c++/11/chrono:119:56: note: provided for ‘template<class _Rep1, class _Period1, class _Rep2, class _Period2> struct helics::std::common_type’
  119 |                        chrono::duration<_Rep2, _Period2>>
      |                                                        ^~
/opt/rh/gcc-toolset-11/root/usr/include/c++/11/chrono:746:33: error: request for member ‘count’ in ‘(__cd)(__lhs)’, which is of non-class type ‘__cd’ {aka ‘int’}
  746 |         return __cd(__cd(__lhs).count() % __cd(__rhs).count());
      |                                 ^~~~~
/opt/rh/gcc-toolset-11/root/usr/include/c++/11/chrono:746:55: error: request for member ‘count’ in ‘(__cd)(__rhs)’, which is of non-class type ‘__cd’ {aka ‘int’}
  746 |         return __cd(__cd(__lhs).count() % __cd(__rhs).count());
      |                                                       ^~~~~
/opt/rh/gcc-toolset-11/root/usr/include/c++/11/chrono: In function ‘constexpr bool helics::std::chrono::operator==(const helics::std::chrono::duration<_Rep1, _Period1>&, const helics::std::chrono::duration<_Rep2, _Period2>&)’:
/opt/rh/gcc-toolset-11/root/usr/include/c++/11/chrono:765:51: error: wrong number of template arguments (2, should be 4)
  765 |         typedef typename common_type<__dur1,__dur2>::type       __ct;
      |                                                   ^
/opt/rh/gcc-toolset-11/root/usr/include/c++/11/chrono:119:56: note: provided for ‘template<class _Rep1, class _Period1, class _Rep2, class _Period2> struct helics::std::common_type’
  119 |                        chrono::duration<_Rep2, _Period2>>
      |                                                        ^~
/opt/rh/gcc-toolset-11/root/usr/include/c++/11/chrono:766:28: error: request for member ‘count’ in ‘(__ct)(__lhs)’, which is of non-class type ‘__ct’ {aka ‘int’}
  766 |         return __ct(__lhs).count() == __ct(__rhs).count();
      |                            ^~~~~
/opt/rh/gcc-toolset-11/root/usr/include/c++/11/chrono:766:51: error: request for member ‘count’ in ‘(__ct)(__rhs)’, which is of non-class type ‘__ct’ {aka ‘int’}
  766 |         return __ct(__lhs).count() == __ct(__rhs).count();
      |                                                   ^~~~~
/opt/rh/gcc-toolset-11/root/usr/include/c++/11/chrono: In function ‘constexpr bool helics::std::chrono::operator<(const helics::std::chrono::duration<_Rep1, _Period1>&, const helics::std::chrono::duration<_Rep2, _Period2>&)’:
/opt/rh/gcc-toolset-11/root/usr/include/c++/11/chrono:777:51: error: wrong number of template arguments (2, should be 4)
  777 |         typedef typename common_type<__dur1,__dur2>::type       __ct;
      |                                                   ^
/opt/rh/gcc-toolset-11/root/usr/include/c++/11/chrono:119:56: note: provided for ‘template<class _Rep1, class _Period1, class _Rep2, class _Period2> struct helics::std::common_type’
  119 |                        chrono::duration<_Rep2, _Period2>>
      |                                                        ^~
/opt/rh/gcc-toolset-11/root/usr/include/c++/11/chrono:778:28: error: request for member ‘count’ in ‘(__ct)(__lhs)’, which is of non-class type ‘__ct’ {aka ‘int’}
  778 |         return __ct(__lhs).count() < __ct(__rhs).count();
      |                            ^~~~~
/opt/rh/gcc-toolset-11/root/usr/include/c++/11/chrono:778:50: error: request for member ‘count’ in ‘(__ct)(__rhs)’, which is of non-class type ‘__ct’ {aka ‘int’}
  778 |         return __ct(__lhs).count() < __ct(__rhs).count();
      |                                                  ^~~~~
/opt/rh/gcc-toolset-11/root/usr/include/c++/11/chrono: At global scope:
/opt/rh/gcc-toolset-11/root/usr/include/c++/11/chrono:891:29: error: ‘_Require’ does not name a type
  891 |                  typename = _Require<is_convertible<_Dur2, _Dur>>>
      |                             ^~~~~~~~
/opt/rh/gcc-toolset-11/root/usr/include/c++/11/chrono:891:37: error: expected ‘>’ before ‘<’ token
  891 |                  typename = _Require<is_convertible<_Dur2, _Dur>>>
      |                                     ^
/opt/rh/gcc-toolset-11/root/usr/include/c++/11/chrono:955:26: error: expected nested-name-specifier before ‘enable_if’
  955 |       constexpr typename enable_if<__is_duration<_ToDur>::value,
      |                          ^~~~~~~~~
/opt/rh/gcc-toolset-11/root/usr/include/c++/11/chrono:955:35: error: expected initializer before ‘<’ token
  955 |       constexpr typename enable_if<__is_duration<_ToDur>::value,
      |                                   ^
/opt/rh/gcc-toolset-11/root/usr/include/c++/11/chrono:1001:61: error: wrong number of template arguments (2, should be 4)
 1001 |         typename common_type<_Dur1, duration<_Rep2, _Period2>>::type>
      |                                                             ^~
/opt/rh/gcc-toolset-11/root/usr/include/c++/11/chrono:119:56: note: provided for ‘template<class _Rep1, class _Period1, class _Rep2, class _Period2> struct helics::std::common_type’
  119 |                        chrono::duration<_Rep2, _Period2>>
      |                                                        ^~
/opt/rh/gcc-toolset-11/root/usr/include/c++/11/chrono:1001:69: error: template argument 2 is invalid
 1001 |         typename common_type<_Dur1, duration<_Rep2, _Period2>>::type>
      |                                                                     ^
/opt/rh/gcc-toolset-11/root/usr/include/c++/11/chrono: In function ‘constexpr int helics::std::chrono::operator+(const helics::std::chrono::time_point<_Clock, _Duration1>&, const helics::std::chrono::duration<_Rep2, _Period2>&)’:
/opt/rh/gcc-toolset-11/root/usr/include/c++/11/chrono:1006:50: error: wrong number of template arguments (2, should be 4)
 1006 |         typedef typename common_type<_Dur1,__dur2>::type        __ct;
      |                                                  ^
/opt/rh/gcc-toolset-11/root/usr/include/c++/11/chrono:119:56: note: provided for ‘template<class _Rep1, class _Period1, class _Rep2, class _Period2> struct helics::std::common_type’
  119 |                        chrono::duration<_Rep2, _Period2>>
      |                                                        ^~
/opt/rh/gcc-toolset-11/root/usr/include/c++/11/chrono: At global scope:
/opt/rh/gcc-toolset-11/root/usr/include/c++/11/chrono:1015:62: error: wrong number of template arguments (2, should be 4)
 1015 |         typename common_type<duration<_Rep1, _Period1>, _Dur2>::type>
      |                                                              ^
/opt/rh/gcc-toolset-11/root/usr/include/c++/11/chrono:119:56: note: provided for ‘template<class _Rep1, class _Period1, class _Rep2, class _Period2> struct helics::std::common_type’
  119 |                        chrono::duration<_Rep2, _Period2>>
      |                                                        ^~
/opt/rh/gcc-toolset-11/root/usr/include/c++/11/chrono:1015:69: error: template argument 2 is invalid
 1015 |         typename common_type<duration<_Rep1, _Period1>, _Dur2>::type>
      |                                                                     ^
/opt/rh/gcc-toolset-11/root/usr/include/c++/11/chrono: In function ‘constexpr int helics::std::chrono::operator+(const helics::std::chrono::duration<_Rep1, _Period1>&, const helics::std::chrono::time_point<_Clock, _Dur2>&)’:
/opt/rh/gcc-toolset-11/root/usr/include/c++/11/chrono:1020:50: error: wrong number of template arguments (2, should be 4)
 1020 |         typedef typename common_type<__dur1,_Dur2>::type        __ct;
      |                                                  ^
/opt/rh/gcc-toolset-11/root/usr/include/c++/11/chrono:119:56: note: provided for ‘template<class _Rep1, class _Period1, class _Rep2, class _Period2> struct helics::std::common_type’
  119 |                        chrono::duration<_Rep2, _Period2>>
      |                                                        ^~
/opt/rh/gcc-toolset-11/root/usr/include/c++/11/chrono: At global scope:
/opt/rh/gcc-toolset-11/root/usr/include/c++/11/chrono:1029:61: error: wrong number of template arguments (2, should be 4)
 1029 |         typename common_type<_Dur1, duration<_Rep2, _Period2>>::type>
      |                                                             ^~
/opt/rh/gcc-toolset-11/root/usr/include/c++/11/chrono:119:56: note: provided for ‘template<class _Rep1, class _Period1, class _Rep2, class _Period2> struct helics::std::common_type’
  119 |                        chrono::duration<_Rep2, _Period2>>
      |                                                        ^~
/opt/rh/gcc-toolset-11/root/usr/include/c++/11/chrono:1029:69: error: template argument 2 is invalid
 1029 |         typename common_type<_Dur1, duration<_Rep2, _Period2>>::type>
      |                                                                     ^
/opt/rh/gcc-toolset-11/root/usr/include/c++/11/chrono: In function ‘constexpr int helics::std::chrono::operator-(const helics::std::chrono::time_point<_Clock, _Duration1>&, const helics::std::chrono::duration<_Rep2, _Period2>&)’:
/opt/rh/gcc-toolset-11/root/usr/include/c++/11/chrono:1034:50: error: wrong number of template arguments (2, should be 4)
 1034 |         typedef typename common_type<_Dur1,__dur2>::type        __ct;
      |                                                  ^
/opt/rh/gcc-toolset-11/root/usr/include/c++/11/chrono:119:56: note: provided for ‘template<class _Rep1, class _Period1, class _Rep2, class _Period2> struct helics::std::common_type’
  119 |                        chrono::duration<_Rep2, _Period2>>
      |                                                        ^~
/opt/rh/gcc-toolset-11/root/usr/include/c++/11/chrono: At global scope:
/opt/rh/gcc-toolset-11/root/usr/include/c++/11/chrono:1041:50: error: wrong number of template arguments (2, should be 4)
 1041 |       constexpr typename common_type<_Dur1, _Dur2>::type
      |                                                  ^
/opt/rh/gcc-toolset-11/root/usr/include/c++/11/chrono:119:56: note: provided for ‘template<class _Rep1, class _Period1, class _Rep2, class _Period2> struct helics::std::common_type’
  119 |                        chrono::duration<_Rep2, _Period2>>
      |                                                        ^~
In file included from /opt/rh/gcc-toolset-11/root/usr/include/c++/11/chrono:39,
                 from /usr/local/helics/include/helics/application_api/../core/../utilities/timeRepresentation.hpp:21,
                 from /usr/local/helics/include/helics/application_api/../core/helicsTime.hpp:10,
                 from /usr/local/helics/include/helics/application_api/../core/core-data.hpp:11,
                 from /usr/local/helics/include/helics/application_api/ValueFederate.hpp:9,
                 from /beegfs/users/lwilliamson/repos/uncc_root/uncc-corvid/corvid/scalability/gridpack/IEEE-118/powerflow_ex.cpp:6:
/opt/rh/gcc-toolset-11/root/usr/include/c++/11/ratio: In instantiation of ‘constexpr const intmax_t helics::std::ratio<1, 1000000000>::num’:
/opt/rh/gcc-toolset-11/root/usr/include/c++/11/ratio:279:31:   required from ‘struct helics::std::ratio<1, 1000000000>’
/opt/rh/gcc-toolset-11/root/usr/include/c++/11/chrono:504:8:   required from ‘struct helics::std::chrono::duration<long int, helics::std::ratio<1, 1000000000> >’
/opt/rh/gcc-toolset-11/root/usr/include/c++/11/chrono:1128:23:   required from here
/opt/rh/gcc-toolset-11/root/usr/include/c++/11/ratio:274:37: error: incomplete type ‘helics::std::__static_sign<1000000000>’ used in nested name specifier
  274 |         _Num * __static_sign<_Den>::value / __static_gcd<_Num, _Den>::value;
      |                                     ^~~~~
/opt/rh/gcc-toolset-11/root/usr/include/c++/11/ratio: In instantiation of ‘struct helics::std::__static_gcd<1000000000, 1>’:
/opt/rh/gcc-toolset-11/root/usr/include/c++/11/ratio:67:12:   required from ‘struct helics::std::__static_gcd<1, 1000000000>’
/opt/rh/gcc-toolset-11/root/usr/include/c++/11/ratio:274:71:   required from ‘constexpr const intmax_t helics::std::ratio<1, 1000000000>::num’
/opt/rh/gcc-toolset-11/root/usr/include/c++/11/ratio:279:31:   required from ‘struct helics::std::ratio<1, 1000000000>’
/opt/rh/gcc-toolset-11/root/usr/include/c++/11/chrono:504:8:   required from ‘struct helics::std::chrono::duration<long int, helics::std::ratio<1, 1000000000> >’
/opt/rh/gcc-toolset-11/root/usr/include/c++/11/chrono:1128:23:   required from here
/opt/rh/gcc-toolset-11/root/usr/include/c++/11/ratio:67:12: error: invalid use of incomplete type ‘struct helics::std::__static_gcd<1, 0>’
   67 |     struct __static_gcd
      |            ^~~~~~~~~~~~
/opt/rh/gcc-toolset-11/root/usr/include/c++/11/ratio:67:12: note: declaration of ‘struct helics::std::__static_gcd<1, 0>’
/opt/rh/gcc-toolset-11/root/usr/include/c++/11/ratio: In instantiation of ‘constexpr const intmax_t helics::std::ratio<1, 1000000000>::num’:
/opt/rh/gcc-toolset-11/root/usr/include/c++/11/ratio:279:31:   required from ‘struct helics::std::ratio<1, 1000000000>’
/opt/rh/gcc-toolset-11/root/usr/include/c++/11/chrono:504:8:   required from ‘struct helics::std::chrono::duration<long int, helics::std::ratio<1, 1000000000> >’
/opt/rh/gcc-toolset-11/root/usr/include/c++/11/chrono:1128:23:   required from here
/opt/rh/gcc-toolset-11/root/usr/include/c++/11/ratio:274:71: error: ‘value’ is not a member of ‘helics::std::__static_gcd<1, 1000000000>’
  274 |         _Num * __static_sign<_Den>::value / __static_gcd<_Num, _Den>::value;
      |                                                                       ^~~~~
/opt/rh/gcc-toolset-11/root/usr/include/c++/11/ratio: In instantiation of ‘constexpr const intmax_t helics::std::ratio<1, 1000000000>::den’:
/opt/rh/gcc-toolset-11/root/usr/include/c++/11/ratio:279:31:   required from ‘struct helics::std::ratio<1, 1000000000>’
/opt/rh/gcc-toolset-11/root/usr/include/c++/11/chrono:504:8:   required from ‘struct helics::std::chrono::duration<long int, helics::std::ratio<1, 1000000000> >’
/opt/rh/gcc-toolset-11/root/usr/include/c++/11/chrono:1128:23:   required from here
/opt/rh/gcc-toolset-11/root/usr/include/c++/11/ratio:277:29: error: incomplete type ‘helics::std::__static_abs<1000000000>’ used in nested name specifier
  277 |         __static_abs<_Den>::value / __static_gcd<_Num, _Den>::value;
      |                             ^~~~~
/opt/rh/gcc-toolset-11/root/usr/include/c++/11/ratio:277:63: error: ‘value’ is not a member of ‘helics::std::__static_gcd<1, 1000000000>’
  277 |         __static_abs<_Den>::value / __static_gcd<_Num, _Den>::value;
      |                                                               ^~~~~
In file included from /usr/local/helics/include/helics/application_api/../core/../utilities/timeRepresentation.hpp:21,
                 from /usr/local/helics/include/helics/application_api/../core/helicsTime.hpp:10,
                 from /usr/local/helics/include/helics/application_api/../core/core-data.hpp:11,
                 from /usr/local/helics/include/helics/application_api/ValueFederate.hpp:9,
                 from /beegfs/users/lwilliamson/repos/uncc_root/uncc-corvid/corvid/scalability/gridpack/IEEE-118/powerflow_ex.cpp:6:
/opt/rh/gcc-toolset-11/root/usr/include/c++/11/chrono: In instantiation of ‘struct helics::std::chrono::duration<long int, helics::std::ratio<1, 1000000000> >’:
/opt/rh/gcc-toolset-11/root/usr/include/c++/11/chrono:1128:23:   required from here
/opt/rh/gcc-toolset-11/root/usr/include/c++/11/chrono:506:45: error: ‘value’ is not a member of ‘helics::std::chrono::__is_duration<long int>’
  506 |         static_assert(!__is_duration<_Rep>::value, "rep cannot be a duration");
      |                                             ^~~~~
/opt/rh/gcc-toolset-11/root/usr/include/c++/11/chrono:507:44: error: ‘value’ is not a member of ‘helics::std::chrono::__is_ratio<helics::std::ratio<1, 1000000000> >’
  507 |         static_assert(__is_ratio<_Period>::value,
      |                                            ^~~~~
/opt/rh/gcc-toolset-11/root/usr/include/c++/11/chrono:509:36: error: non-constant condition for static assertion
  509 |         static_assert(_Period::num > 0, "period must be positive");
      |                                ~~~~^~~
/opt/rh/gcc-toolset-11/root/usr/include/c++/11/chrono: In instantiation of ‘constexpr bool helics::std::chrono::operator<(const helics::std::chrono::duration<_Rep1, _Period1>&, const helics::std::chrono::duration<_Rep2, _Period2>&) [with _Rep1 = long int; _Period1 = helics::std::ratio<1, 1000000000>; _Rep2 = long int; _Period2 = helics::std::ratio<1, 1000000000>]’:
/opt/rh/gcc-toolset-11/root/usr/include/c++/11/chrono:1133:7:   required from here
/opt/rh/gcc-toolset-11/root/usr/include/c++/11/chrono:779:7: error: body of ‘constexpr’ function ‘constexpr bool helics::std::chrono::operator<(const helics::std::chrono::duration<_Rep1, _Period1>&, const helics::std::chrono::duration<_Rep2, _Period2>&) [with _Rep1 = long int; _Period1 = helics::std::ratio<1, 1000000000>; _Rep2 = long int; _Period2 = helics::std::ratio<1, 1000000000>]’ not a return-statement
  779 |       }
      |       ^
/opt/rh/gcc-toolset-11/root/usr/include/c++/11/chrono: In instantiation of ‘static constexpr helics::std::chrono::duration<_Rep, _Period> helics::std::chrono::duration<_Rep, _Period>::min() [with _Rep = long int; _Period = helics::std::ratio<1, 1000000000>]’:
/opt/rh/gcc-toolset-11/root/usr/include/c++/11/chrono:1132:48:   required from here
/opt/rh/gcc-toolset-11/root/usr/include/c++/11/chrono:628:18: error: no matching function for call to ‘helics::std::chrono::duration<long int, helics::std::ratio<1, 1000000000> >::duration(long int)’
  628 |         { return duration(duration_values<rep>::min()); }
      |                  ^~~~~~~~~~~~~~~~~~~~~~~~~~~~~~~~~~~~~
/opt/rh/gcc-toolset-11/root/usr/include/c++/11/chrono:529:21: note: candidate: ‘template<class _Rep2, class _Period2, class> constexpr helics::std::chrono::duration<_Rep, _Period>::duration(const helics::std::chrono::duration<_Rep, _Period>&) [with _Rep2 = _Rep2; _Period2 = _Period2; <template-parameter-2-3> = <template-parameter-1-3>; _Rep = long int; _Period = helics::std::ratio<1, 1000000000>]’
  529 |           constexpr duration(const duration<_Rep2, _Period2>& __d)
      |                     ^~~~~~~~
/opt/rh/gcc-toolset-11/root/usr/include/c++/11/chrono:529:21: note:   template argument deduction/substitution failed:
/opt/rh/gcc-toolset-11/root/usr/include/c++/11/chrono:628:18: note:   mismatched types ‘const helics::std::chrono::duration<_Rep1, _Period1>’ and ‘long int’
  628 |         { return duration(duration_values<rep>::min()); }
      |                  ^~~~~~~~~~~~~~~~~~~~~~~~~~~~~~~~~~~~~
/opt/rh/gcc-toolset-11/root/usr/include/c++/11/chrono:521:30: note: candidate: ‘template<class _Rep2, class> constexpr helics::std::chrono::duration<_Rep, _Period>::duration(const _Rep2&) [with _Rep2 = _Rep2; <template-parameter-2-2> = <template-parameter-1-2>; _Rep = long int; _Period = helics::std::ratio<1, 1000000000>]’
  521 |           constexpr explicit duration(const _Rep2& __rep)
      |                              ^~~~~~~~
/opt/rh/gcc-toolset-11/root/usr/include/c++/11/chrono:521:30: note:   template argument deduction/substitution failed:
/opt/rh/gcc-toolset-11/root/usr/include/c++/11/chrono:514:9: note: candidate: ‘constexpr helics::std::chrono::duration<_Rep, _Period>::duration(const helics::std::chrono::duration<_Rep, _Period>&) [with _Rep = long int; _Period = helics::std::ratio<1, 1000000000>]’
  514 |         duration(const duration&) = default;
      |         ^~~~~~~~
/opt/rh/gcc-toolset-11/root/usr/include/c++/11/chrono:514:18: note:   no known conversion for argument 1 from ‘long int’ to ‘const helics::std::chrono::duration<long int, helics::std::ratio<1, 1000000000> >&’
  514 |         duration(const duration&) = default;
      |                  ^~~~~~~~~~~~~~~
/opt/rh/gcc-toolset-11/root/usr/include/c++/11/chrono:512:19: note: candidate: ‘helics::std::chrono::duration<_Rep, _Period>::duration() [with _Rep = long int; _Period = helics::std::ratio<1, 1000000000>]’
  512 |         constexpr duration() = default;
      |                   ^~~~~~~~
/opt/rh/gcc-toolset-11/root/usr/include/c++/11/chrono:512:19: note:   candidate expects 0 arguments, 1 provided
/opt/rh/gcc-toolset-11/root/usr/include/c++/11/chrono:628:57: error: body of ‘constexpr’ function ‘static constexpr helics::std::chrono::duration<_Rep, _Period> helics::std::chrono::duration<_Rep, _Period>::min() [with _Rep = long int; _Period = helics::std::ratio<1, 1000000000>]’ not a return-statement
  628 |         { return duration(duration_values<rep>::min()); }
      |                                                         ^
/opt/rh/gcc-toolset-11/root/usr/include/c++/11/chrono: In instantiation of ‘static constexpr helics::std::chrono::duration<_Rep, _Period> helics::std::chrono::duration<_Rep, _Period>::zero() [with _Rep = long int; _Period = helics::std::ratio<1, 1000000000>]’:
/opt/rh/gcc-toolset-11/root/usr/include/c++/11/chrono:1133:37:   required from here
/opt/rh/gcc-toolset-11/root/usr/include/c++/11/chrono:624:18: error: no matching function for call to ‘helics::std::chrono::duration<long int, helics::std::ratio<1, 1000000000> >::duration(long int)’
  624 |         { return duration(duration_values<rep>::zero()); }
      |                  ^~~~~~~~~~~~~~~~~~~~~~~~~~~~~~~~~~~~~~
/opt/rh/gcc-toolset-11/root/usr/include/c++/11/chrono:529:21: note: candidate: ‘template<class _Rep2, class _Period2, class> constexpr helics::std::chrono::duration<_Rep, _Period>::duration(const helics::std::chrono::duration<_Rep, _Period>&) [with _Rep2 = _Rep2; _Period2 = _Period2; <template-parameter-2-3> = <template-parameter-1-3>; _Rep = long int; _Period = helics::std::ratio<1, 1000000000>]’
  529 |           constexpr duration(const duration<_Rep2, _Period2>& __d)
      |                     ^~~~~~~~
/opt/rh/gcc-toolset-11/root/usr/include/c++/11/chrono:529:21: note:   template argument deduction/substitution failed:
/opt/rh/gcc-toolset-11/root/usr/include/c++/11/chrono:624:18: note:   mismatched types ‘const helics::std::chrono::duration<_Rep1, _Period1>’ and ‘long int’
  624 |         { return duration(duration_values<rep>::zero()); }
      |                  ^~~~~~~~~~~~~~~~~~~~~~~~~~~~~~~~~~~~~~
/opt/rh/gcc-toolset-11/root/usr/include/c++/11/chrono:521:30: note: candidate: ‘template<class _Rep2, class> constexpr helics::std::chrono::duration<_Rep, _Period>::duration(const _Rep2&) [with _Rep2 = _Rep2; <template-parameter-2-2> = <template-parameter-1-2>; _Rep = long int; _Period = helics::std::ratio<1, 1000000000>]’
  521 |           constexpr explicit duration(const _Rep2& __rep)
      |                              ^~~~~~~~
/opt/rh/gcc-toolset-11/root/usr/include/c++/11/chrono:521:30: note:   template argument deduction/substitution failed:
/opt/rh/gcc-toolset-11/root/usr/include/c++/11/chrono:514:9: note: candidate: ‘constexpr helics::std::chrono::duration<_Rep, _Period>::duration(const helics::std::chrono::duration<_Rep, _Period>&) [with _Rep = long int; _Period = helics::std::ratio<1, 1000000000>]’
  514 |         duration(const duration&) = default;
      |         ^~~~~~~~
/opt/rh/gcc-toolset-11/root/usr/include/c++/11/chrono:514:18: note:   no known conversion for argument 1 from ‘long int’ to ‘const helics::std::chrono::duration<long int, helics::std::ratio<1, 1000000000> >&’
  514 |         duration(const duration&) = default;
      |                  ^~~~~~~~~~~~~~~
/opt/rh/gcc-toolset-11/root/usr/include/c++/11/chrono:512:19: note: candidate: ‘helics::std::chrono::duration<_Rep, _Period>::duration() [with _Rep = long int; _Period = helics::std::ratio<1, 1000000000>]’
  512 |         constexpr duration() = default;
      |                   ^~~~~~~~
/opt/rh/gcc-toolset-11/root/usr/include/c++/11/chrono:512:19: note:   candidate expects 0 arguments, 1 provided
/opt/rh/gcc-toolset-11/root/usr/include/c++/11/chrono:624:58: error: body of ‘constexpr’ function ‘static constexpr helics::std::chrono::duration<_Rep, _Period> helics::std::chrono::duration<_Rep, _Period>::zero() [with _Rep = long int; _Period = helics::std::ratio<1, 1000000000>]’ not a return-statement
  624 |         { return duration(duration_values<rep>::zero()); }
      |                                                          ^
/opt/rh/gcc-toolset-11/root/usr/include/c++/11/chrono:1133:21: error: non-constant condition for static assertion
 1132 |       static_assert(system_clock::duration::min()
      |                     ~~~~~~~~~~~~~~~~~~~~~~~~~~~~~
 1133 |                     < system_clock::duration::zero(),
      |                     ^~~~~~~~~~~~~~~~~~~~~~~~~~~~~~~~
/opt/rh/gcc-toolset-11/root/usr/include/c++/11/chrono:1133:21: error: ‘constexpr bool helics::std::chrono::operator<(const helics::std::chrono::duration<_Rep1, _Period1>&, const helics::std::chrono::duration<_Rep2, _Period2>&) [with _Rep1 = long int; _Period1 = helics::std::ratio<1, 1000000000>; _Rep2 = long int; _Period2 = helics::std::ratio<1, 1000000000>]’ called in a constant expression
/opt/rh/gcc-toolset-11/root/usr/include/c++/11/chrono:772:7: note: ‘constexpr bool helics::std::chrono::operator<(const helics::std::chrono::duration<_Rep1, _Period1>&, const helics::std::chrono::duration<_Rep2, _Period2>&) [with _Rep1 = long int; _Period1 = helics::std::ratio<1, 1000000000>; _Rep2 = long int; _Period2 = helics::std::ratio<1, 1000000000>]’ is not usable as a ‘constexpr’ function because:
  772 |       operator<(const duration<_Rep1, _Period1>& __lhs,
      |       ^~~~~~~~
/opt/rh/gcc-toolset-11/root/usr/include/c++/11/chrono: In static member function ‘static time_t helics::std::chrono::_V2::system_clock::to_time_t(const time_point&)’:
/opt/rh/gcc-toolset-11/root/usr/include/c++/11/chrono:1145:28: error: ‘duration_cast’ was not declared in this scope; did you mean ‘duration’?
 1145 |         return std::time_t(duration_cast<chrono::seconds>
      |                            ^~~~~~~~~~~~~
      |                            duration
/opt/rh/gcc-toolset-11/root/usr/include/c++/11/chrono: In instantiation of ‘struct helics::std::chrono::time_point<helics::std::chrono::_V2::system_clock, helics::std::chrono::duration<long int, helics::std::ratio<1, 1000000000> > >’:
/opt/rh/gcc-toolset-11/root/usr/include/c++/11/chrono:1146:11:   required from here
/opt/rh/gcc-toolset-11/root/usr/include/c++/11/chrono:874:44: error: ‘value’ is not a member of ‘helics::std::chrono::__is_duration<helics::std::chrono::duration<long int, helics::std::ratio<1, 1000000000> > >’
  874 |         static_assert(__is_duration<_Dur>::value,
      |                                            ^~~~~
/opt/rh/gcc-toolset-11/root/usr/include/c++/11/chrono:1145:27: error: expected primary-expression before ‘(’ token
 1145 |         return std::time_t(duration_cast<chrono::seconds>
      |                           ^
/opt/rh/gcc-toolset-11/root/usr/include/c++/11/chrono:1145:57: error: expected primary-expression before ‘>’ token
 1145 |         return std::time_t(duration_cast<chrono::seconds>
      |                                                         ^
/opt/rh/gcc-toolset-11/root/usr/include/c++/11/chrono: In static member function ‘static helics::std::chrono::_V2::system_clock::time_point helics::std::chrono::_V2::system_clock::from_time_t(time_t)’:
/opt/rh/gcc-toolset-11/root/usr/include/c++/11/chrono:1153:16: error: ‘time_point_cast’ was not declared in this scope; did you mean ‘time_point’?
 1153 |         return time_point_cast<system_clock::duration>
      |                ^~~~~~~~~~~~~~~
      |                time_point
/opt/rh/gcc-toolset-11/root/usr/include/c++/11/chrono:1153:54: error: expected primary-expression before ‘>’ token
 1153 |         return time_point_cast<system_clock::duration>
      |                                                      ^
In file included from /opt/rh/gcc-toolset-11/root/usr/include/c++/11/chrono:39,
                 from /usr/local/helics/include/helics/application_api/../core/../utilities/timeRepresentation.hpp:21,
                 from /usr/local/helics/include/helics/application_api/../core/helicsTime.hpp:10,
                 from /usr/local/helics/include/helics/application_api/../core/core-data.hpp:11,
                 from /usr/local/helics/include/helics/application_api/ValueFederate.hpp:9,
                 from /beegfs/users/lwilliamson/repos/uncc_root/uncc-corvid/corvid/scalability/gridpack/IEEE-118/powerflow_ex.cpp:6:
/opt/rh/gcc-toolset-11/root/usr/include/c++/11/ratio: In instantiation of ‘constexpr const intmax_t helics::std::ratio<1>::num’:
/opt/rh/gcc-toolset-11/root/usr/include/c++/11/ratio:279:31:   required from ‘struct helics::std::ratio<1>’
/opt/rh/gcc-toolset-11/root/usr/include/c++/11/chrono:504:8:   required from ‘struct helics::std::chrono::duration<long int>’
/opt/rh/gcc-toolset-11/root/usr/include/c++/11/chrono:1154:36:   required from here
/opt/rh/gcc-toolset-11/root/usr/include/c++/11/ratio:274:37: error: incomplete type ‘helics::std::__static_sign<1>’ used in nested name specifier
  274 |         _Num * __static_sign<_Den>::value / __static_gcd<_Num, _Den>::value;
      |                                     ^~~~~
/opt/rh/gcc-toolset-11/root/usr/include/c++/11/ratio: In instantiation of ‘struct helics::std::__static_gcd<1, 1>’:
/opt/rh/gcc-toolset-11/root/usr/include/c++/11/ratio:274:71:   required from ‘constexpr const intmax_t helics::std::ratio<1>::num’
/opt/rh/gcc-toolset-11/root/usr/include/c++/11/ratio:279:31:   required from ‘struct helics::std::ratio<1>’
/opt/rh/gcc-toolset-11/root/usr/include/c++/11/chrono:504:8:   required from ‘struct helics::std::chrono::duration<long int>’
/opt/rh/gcc-toolset-11/root/usr/include/c++/11/chrono:1154:36:   required from here
/opt/rh/gcc-toolset-11/root/usr/include/c++/11/ratio:67:12: error: invalid use of incomplete type ‘struct helics::std::__static_gcd<1, 0>’
   67 |     struct __static_gcd
      |            ^~~~~~~~~~~~
/opt/rh/gcc-toolset-11/root/usr/include/c++/11/ratio:67:12: note: declaration of ‘struct helics::std::__static_gcd<1, 0>’
/opt/rh/gcc-toolset-11/root/usr/include/c++/11/ratio: In instantiation of ‘constexpr const intmax_t helics::std::ratio<1>::num’:
/opt/rh/gcc-toolset-11/root/usr/include/c++/11/ratio:279:31:   required from ‘struct helics::std::ratio<1>’
/opt/rh/gcc-toolset-11/root/usr/include/c++/11/chrono:504:8:   required from ‘struct helics::std::chrono::duration<long int>’
/opt/rh/gcc-toolset-11/root/usr/include/c++/11/chrono:1154:36:   required from here
/opt/rh/gcc-toolset-11/root/usr/include/c++/11/ratio:274:71: error: ‘value’ is not a member of ‘helics::std::__static_gcd<1, 1>’
  274 |         _Num * __static_sign<_Den>::value / __static_gcd<_Num, _Den>::value;
      |                                                                       ^~~~~
/opt/rh/gcc-toolset-11/root/usr/include/c++/11/ratio: In instantiation of ‘constexpr const intmax_t helics::std::ratio<1>::den’:
/opt/rh/gcc-toolset-11/root/usr/include/c++/11/ratio:279:31:   required from ‘struct helics::std::ratio<1>’
/opt/rh/gcc-toolset-11/root/usr/include/c++/11/chrono:504:8:   required from ‘struct helics::std::chrono::duration<long int>’
/opt/rh/gcc-toolset-11/root/usr/include/c++/11/chrono:1154:36:   required from here
/opt/rh/gcc-toolset-11/root/usr/include/c++/11/ratio:277:29: error: incomplete type ‘helics::std::__static_abs<1>’ used in nested name specifier
  277 |         __static_abs<_Den>::value / __static_gcd<_Num, _Den>::value;
      |                             ^~~~~
/opt/rh/gcc-toolset-11/root/usr/include/c++/11/ratio:277:63: error: ‘value’ is not a member of ‘helics::std::__static_gcd<1, 1>’
  277 |         __static_abs<_Den>::value / __static_gcd<_Num, _Den>::value;
      |                                                               ^~~~~
In file included from /usr/local/helics/include/helics/application_api/../core/../utilities/timeRepresentation.hpp:21,
                 from /usr/local/helics/include/helics/application_api/../core/helicsTime.hpp:10,
                 from /usr/local/helics/include/helics/application_api/../core/core-data.hpp:11,
                 from /usr/local/helics/include/helics/application_api/ValueFederate.hpp:9,
                 from /beegfs/users/lwilliamson/repos/uncc_root/uncc-corvid/corvid/scalability/gridpack/IEEE-118/powerflow_ex.cpp:6:
/opt/rh/gcc-toolset-11/root/usr/include/c++/11/chrono: In instantiation of ‘struct helics::std::chrono::duration<long int>’:
/opt/rh/gcc-toolset-11/root/usr/include/c++/11/chrono:1154:36:   required from here
/opt/rh/gcc-toolset-11/root/usr/include/c++/11/chrono:506:45: error: ‘value’ is not a member of ‘helics::std::chrono::__is_duration<long int>’
  506 |         static_assert(!__is_duration<_Rep>::value, "rep cannot be a duration");
      |                                             ^~~~~
/opt/rh/gcc-toolset-11/root/usr/include/c++/11/chrono:507:44: error: ‘value’ is not a member of ‘helics::std::chrono::__is_ratio<helics::std::ratio<1> >’
  507 |         static_assert(__is_ratio<_Period>::value,
      |                                            ^~~~~
/opt/rh/gcc-toolset-11/root/usr/include/c++/11/chrono:509:36: error: non-constant condition for static assertion
  509 |         static_assert(_Period::num > 0, "period must be positive");
      |                                ~~~~^~~
/opt/rh/gcc-toolset-11/root/usr/include/c++/11/chrono:1154:43: error: no matching function for call to ‘helics::std::chrono::duration<long int>::duration(time_t&)’
 1154 |                (__from(chrono::seconds(__t)));
      |                                           ^
/opt/rh/gcc-toolset-11/root/usr/include/c++/11/chrono:529:21: note: candidate: ‘template<class _Rep2, class _Period2, class> constexpr helics::std::chrono::duration<_Rep, _Period>::duration(const helics::std::chrono::duration<_Rep, _Period>&) [with _Rep2 = _Rep2; _Period2 = _Period2; <template-parameter-2-3> = <template-parameter-1-3>; _Rep = long int; _Period = helics::std::ratio<1>]’
  529 |           constexpr duration(const duration<_Rep2, _Period2>& __d)
      |                     ^~~~~~~~
/opt/rh/gcc-toolset-11/root/usr/include/c++/11/chrono:529:21: note:   template argument deduction/substitution failed:
/opt/rh/gcc-toolset-11/root/usr/include/c++/11/chrono:1154:43: note:   mismatched types ‘const helics::std::chrono::duration<_Rep1, _Period1>’ and ‘time_t’ {aka ‘long int’}
 1154 |                (__from(chrono::seconds(__t)));
      |                                           ^
/opt/rh/gcc-toolset-11/root/usr/include/c++/11/chrono:521:30: note: candidate: ‘template<class _Rep2, class> constexpr helics::std::chrono::duration<_Rep, _Period>::duration(const _Rep2&) [with _Rep2 = _Rep2; <template-parameter-2-2> = <template-parameter-1-2>; _Rep = long int; _Period = helics::std::ratio<1>]’
  521 |           constexpr explicit duration(const _Rep2& __rep)
      |                              ^~~~~~~~
/opt/rh/gcc-toolset-11/root/usr/include/c++/11/chrono:521:30: note:   template argument deduction/substitution failed:
/opt/rh/gcc-toolset-11/root/usr/include/c++/11/chrono:514:9: note: candidate: ‘constexpr helics::std::chrono::duration<_Rep, _Period>::duration(const helics::std::chrono::duration<_Rep, _Period>&) [with _Rep = long int; _Period = helics::std::ratio<1>]’
  514 |         duration(const duration&) = default;
      |         ^~~~~~~~
/opt/rh/gcc-toolset-11/root/usr/include/c++/11/chrono:514:18: note:   no known conversion for argument 1 from ‘time_t’ {aka ‘long int’} to ‘const helics::std::chrono::duration<long int>&’
  514 |         duration(const duration&) = default;
      |                  ^~~~~~~~~~~~~~~
/opt/rh/gcc-toolset-11/root/usr/include/c++/11/chrono:512:19: note: candidate: ‘helics::std::chrono::duration<_Rep, _Period>::duration() [with _Rep = long int; _Period = helics::std::ratio<1>]’
  512 |         constexpr duration() = default;
      |                   ^~~~~~~~
/opt/rh/gcc-toolset-11/root/usr/include/c++/11/chrono:512:19: note:   candidate expects 0 arguments, 1 provided
/opt/rh/gcc-toolset-11/root/usr/include/c++/11/chrono: In instantiation of ‘struct helics::std::chrono::time_point<helics::std::chrono::_V2::system_clock, helics::std::chrono::duration<long int> >’:
/opt/rh/gcc-toolset-11/root/usr/include/c++/11/chrono:1154:37:   required from here
/opt/rh/gcc-toolset-11/root/usr/include/c++/11/chrono:874:44: error: ‘value’ is not a member of ‘helics::std::chrono::__is_duration<helics::std::chrono::duration<long int> >’
  874 |         static_assert(__is_duration<_Dur>::value,
      |                                            ^~~~~
In file included from /usr/local/helics/include/helics/application_api/../core/helicsTime.hpp:10,
                 from /usr/local/helics/include/helics/application_api/../core/core-data.hpp:11,
                 from /usr/local/helics/include/helics/application_api/ValueFederate.hpp:9,
                 from /beegfs/users/lwilliamson/repos/uncc_root/uncc-corvid/corvid/scalability/gridpack/IEEE-118/powerflow_ex.cpp:6:
/usr/local/helics/include/helics/application_api/../core/../utilities/timeRepresentation.hpp: At global scope:
/usr/local/helics/include/helics/application_api/../core/../utilities/timeRepresentation.hpp:100:47: error: ‘int64_t’ in namespace ‘helics::std’ does not name a type
  100 | template<unsigned int N, typename base = std::int64_t>
      |                                               ^~~~~~~
/usr/local/helics/include/helics/application_api/../core/../utilities/timeRepresentation.hpp:104:14: error: ‘is_signed’ is not a member of ‘helics::std’; did you mean ‘std::is_signed’?
  104 |         std::is_signed<base>::value,
      |              ^~~~~~~~~
In file included from /opt/rh/gcc-toolset-11/root/usr/include/c++/11/bits/move.h:57,
                 from /opt/rh/gcc-toolset-11/root/usr/include/c++/11/bits/nested_exception.h:40,
                 from /opt/rh/gcc-toolset-11/root/usr/include/c++/11/exception:154,
                 from /opt/rh/gcc-toolset-11/root/usr/include/c++/11/ios:39,
                 from /opt/rh/gcc-toolset-11/root/usr/include/c++/11/ostream:38,
                 from /opt/rh/gcc-toolset-11/root/usr/include/c++/11/iostream:39,
                 from /beegfs/users/lwilliamson/repos/uncc_root/uncc-corvid/corvid/scalability/gridpack/IEEE-118/powerflow_ex.cpp:1:
/opt/rh/gcc-toolset-11/root/usr/include/c++/11/type_traits:795:12: note: ‘std::is_signed’ declared here
  795 |     struct is_signed
      |            ^~~~~~~~~
In file included from /usr/local/helics/include/helics/application_api/../core/helicsTime.hpp:10,
                 from /usr/local/helics/include/helics/application_api/../core/core-data.hpp:11,
                 from /usr/local/helics/include/helics/application_api/ValueFederate.hpp:9,
                 from /beegfs/users/lwilliamson/repos/uncc_root/uncc-corvid/corvid/scalability/gridpack/IEEE-118/powerflow_ex.cpp:6:
/usr/local/helics/include/helics/application_api/../core/../utilities/timeRepresentation.hpp:104:28: error: expected primary-expression before ‘>’ token
  104 |         std::is_signed<base>::value,
      |                            ^
/usr/local/helics/include/helics/application_api/../core/../utilities/timeRepresentation.hpp:104:31: error: ‘::value’ has not been declared
  104 |         std::is_signed<base>::value,
      |                               ^~~~~
/usr/local/helics/include/helics/application_api/../core/../utilities/timeRepresentation.hpp:156:27: error: ‘int64_t’ in namespace ‘helics::std’ does not name a type
  156 |     static constexpr std::int64_t
      |                           ^~~~~~~
/usr/local/helics/include/helics/application_api/../core/../utilities/timeRepresentation.hpp:163:24: error: ‘helics::std::uint64_t’ has not been declared
  163 |         fromCount(std::uint64_t count, time_units units) noexcept
      |                        ^~~~~~~~
/usr/local/helics/include/helics/application_api/../core/../utilities/timeRepresentation.hpp:169:27: error: ‘int64_t’ in namespace ‘helics::std’ does not name a type
  169 |     static constexpr std::int64_t seconds(baseType val) noexcept
      |                           ^~~~~~~
/usr/local/helics/include/helics/application_api/../core/../utilities/timeRepresentation.hpp:175:16: error: ‘int64_t’ in namespace ‘helics::std’ does not name a type
  175 | constexpr std::int64_t fac10[16]{
      |                ^~~~~~~
/beegfs/users/lwilliamson/repos/uncc_root/uncc-corvid/corvid/scalability/gridpack/IEEE-118/powerflow_ex.cpp:113:2: error: expected ‘}’ at end of input
  113 | }
      |  ^
In file included from /usr/local/helics/include/helics/application_api/../core/core-data.hpp:9,
                 from /usr/local/helics/include/helics/application_api/ValueFederate.hpp:9,
                 from /beegfs/users/lwilliamson/repos/uncc_root/uncc-corvid/corvid/scalability/gridpack/IEEE-118/powerflow_ex.cpp:6:
/usr/local/helics/include/helics/application_api/../core/SmallBuffer.hpp:24:18: note: to match this ‘{’
   24 | namespace helics {
      |                  ^
make[2]: *** [gridpack/IEEE-118/CMakeFiles/powerflow_ex.x.dir/build.make:76: gridpack/IEEE-118/CMakeFiles/powerflow_ex.x.dir/powerflow_ex.cpp.o] Error 1
make[2]: *** Waiting for unfinished jobs....
make[1]: *** [CMakeFiles/Makefile2:199: gridpack/IEEE-118/CMakeFiles/powerflow_ex.x.dir/all] Error 2
make: *** [Makefile:146: all] Error 2
